const data = {
  "data": [
    {
      "plan": {"Node Id":"Projection","Plan Rows":20,"Actual Rows":20,"Task":"root","Total Time":12432901425,"Max Time":12432901425,"Access Object":"","Operation Info":"new0107.customer.c_custkey, new0107.customer.c_name, Column#39, new0107.customer.c_acctbal, new0107.nation.n_name, new0107.customer.c_address, new0107.customer.c_phone, new0107.customer.c_comment","Execution Info":"time:12.4s, loops:2, Concurrency:OFF","Disk":0,"Memory":9184,"Plans":[{"Node Id":"TopN","Plan Rows":20,"Actual Rows":20,"Task":"root","Total Time":12432821358,"Max Time":12432821358,"Access Object":"","Operation Info":"Column#39:desc, offset:0, count:20","Execution Info":"time:12.4s, loops:2","Disk":0,"Memory":332280,"Plans":[{"Node Id":"HashAgg","Plan Rows":4091.8732102300773,"Actual Rows":27560,"Task":"root","Total Time":12358853305,"Max Time":12358853305,"Access Object":"","Operation Info":"group by:Column#53, Column#54, Column#55, Column#56, Column#57, Column#58, Column#59, funcs:sum(Column#45)-\u003eColumn#39, funcs:firstrow(Column#46)-\u003enew0107.customer.c_custkey, funcs:firstrow(Column#47)-\u003enew0107.customer.c_name, funcs:firstrow(Column#48)-\u003enew0107.customer.c_address, funcs:firstrow(Column#49)-\u003enew0107.customer.c_phone, funcs:firstrow(Column#50)-\u003enew0107.customer.c_acctbal, funcs:firstrow(Column#51)-\u003enew0107.customer.c_comment, funcs:firstrow(Column#52)-\u003enew0107.nation.n_name","Execution Info":"time:12.4s, loops:31, partial_worker:{wall_time:11.944525133s, concurrency:5, task_num:78, tot_wait:57.951444954s, tot_exec:1.318075171s, tot_time:59.299784734s, max:11.903643747s, p95:11.903643747s}, final_worker:{wall_time:12.433055596s, concurrency:5, task_num:25, tot_wait:59.382433912s, tot_exec:2.130183647s, tot_time:1m1.512639058s, max:12.429463134s, p95:12.429463134s}","Disk":0,"Memory":39844271,"Plans":[{"Node Id":"Projection","Plan Rows":4091.8732102300773,"Actual Rows":76675,"Task":"root","Total Time":11817942115,"Max Time":11817942115,"Access Object":"","Operation Info":"mul(new0107.lineitem.l_extendedprice, minus(1, new0107.lineitem.l_discount))-\u003eColumn#45, new0107.customer.c_custkey, new0107.customer.c_name, new0107.customer.c_address, new0107.customer.c_phone, new0107.customer.c_acctbal, new0107.customer.c_comment, new0107.nation.n_name, new0107.customer.c_custkey, new0107.customer.c_name, new0107.customer.c_acctbal, new0107.customer.c_phone, new0107.nation.n_name, new0107.customer.c_address, new0107.customer.c_comment","Execution Info":"time:11.8s, loops:79, Concurrency:5","Disk":0,"Memory":4707384,"Plans":[{"Node Id":"Projection","Plan Rows":4091.8732102300773,"Actual Rows":76675,"Task":"root","Total Time":11066596169,"Max Time":11066596169,"Access Object":"","Operation Info":"new0107.customer.c_custkey, new0107.customer.c_name, new0107.customer.c_address, new0107.customer.c_phone, new0107.customer.c_acctbal, new0107.customer.c_comment, new0107.lineitem.l_extendedprice, new0107.lineitem.l_discount, new0107.nation.n_name","Execution Info":"time:11.1s, loops:79, Concurrency:5","Disk":0,"Memory":3480336,"Plans":[{"Node Id":"HashJoin","Plan Rows":4091.8732102300773,"Actual Rows":76675,"Task":"root","Total Time":11020023121,"Max Time":11020023121,"Access Object":"","Operation Info":"inner join, equal:[eq(new0107.orders.o_orderkey, new0107.lineitem.l_orderkey)]","Execution Info":"time:11s, loops:79, build_hash_table:{total:10.6s, fetch:9.19s, build:1.42s}, probe:{concurrency:5, total:58.6s, max:11.8s, probe:5.37s, fetch:53.2s}","Disk":0,"Memory":135284944,"Plans":[{"Node Id":"HashJoin","Plan Rows":27445.442875481385,"Actual Rows":38190,"Task":"root","Total Time":7658392148,"Max Time":7658392148,"Access Object":"","Operation Info":"inner join, equal:[eq(new0107.customer.c_custkey, new0107.orders.o_custkey)]","Execution Info":"time:7.66s, loops:41, build_hash_table:{total:7.47s, fetch:7.43s, build:35.2ms}, probe:{concurrency:5, total:58.1s, max:11.7s, probe:19.2s, fetch:38.9s}","Disk":0,"Memory":1183200,"Plans":[{"Node Id":"HashJoin","Plan Rows":150000,"Actual Rows":150000,"Task":"root","Total Time":4136901244,"Max Time":4136901244,"Access Object":"","Operation Info":"inner join, equal:[eq(new0107.nation.n_nationkey, new0107.customer.c_nationkey)]","Execution Info":"time:4.14s, loops:148, build_hash_table:{total:461.3µs, fetch:442.8µs, build:18.5µs}, probe:{concurrency:5, total:58s, max:11.6s, probe:40.3s, fetch:17.8s}","Disk":0,"Memory":25056,"Plans":[{"Node Id":"TableReader","Plan Rows":25,"Actual Rows":25,"Task":"root","Total Time":70716,"Max Time":70716,"Access Object":"","Operation Info":"data:TableFullScan_60","Execution Info":"time:70.7µs, loops:2, cop_task: {num: 1, max: 12.7ms, proc_keys: 25, rpc_num: 1, rpc_time: 5.41ms, copr_cache_hit_ratio: 0.00}","Disk":0,"Memory":794,"Plans":[{"Node Id":"TableFullScan","Plan Rows":25,"Actual Rows":25,"Task":"cop[tikv]","Total Time":0,"Max Time":0,"Access Object":"","Operation Info":"table:nation, keep order:false, stats:pseudo","Execution Info":"tikv_task:{time:0s, loops:1}, scan_detail: {total_process_keys: 25, total_process_keys_size: 3109, total_keys: 26, rocksdb: {delete_skipped_count: 0, key_skipped_count: 25, block: {cache_hit_count: 4, read_count: 0, read_byte: 0 Bytes}}}","Disk":0,"Memory":0,"Plans":[]}]},{"Node Id":"TableReader","Plan Rows":150000,"Actual Rows":150000,"Task":"root","Total Time":3573045607,"Max Time":3573045607,"Access Object":"","Operation Info":"data:TableFullScan_58","Execution Info":"time:3.57s, loops:148, cop_task: {num: 1, max: 3.55s, proc_keys: 150000, tot_proc: 3.45s, tot_wait: 2ms, rpc_num: 1, rpc_time: 3.55s, copr_cache_hit_ratio: 0.00}","Disk":0,"Memory":32798874,"Plans":[{"Node Id":"TableFullScan","Plan Rows":150000,"Actual Rows":150000,"Task":"cop[tikv]","Total Time":159000000,"Max Time":159000000,"Access Object":"","Operation Info":"table:customer, keep order:false","Execution Info":"tikv_task:{time:159ms, loops:151}, scan_detail: {total_process_keys: 150000, total_process_keys_size: 30533765, total_keys: 150001, rocksdb: {delete_skipped_count: 0, key_skipped_count: 150000, block: {cache_hit_count: 502, read_count: 0, read_byte: 0 Bytes}}}","Disk":0,"Memory":0,"Plans":[]}]}]},{"Node Id":"TableReader","Plan Rows":27366.4,"Actual Rows":38190,"Task":"root","Total Time":7432218482,"Max Time":7432218482,"Access Object":"","Operation Info":"data:Selection_63","Execution Info":"time:7.43s, loops:39, cop_task: {num: 2, max: 7.46s, min: 4.58s, avg: 6.02s, p95: 7.46s, max_proc_keys: 583494, p95_proc_keys: 583494, tot_proc: 11.8s, tot_wait: 20ms, rpc_num: 2, rpc_time: 12s, copr_cache_hit_ratio: 0.00}","Disk":0,"Memory":946412,"Plans":[{"Node Id":"Selection","Plan Rows":27366.4,"Actual Rows":38190,"Task":"cop[tikv]","Total Time":1112000000,"Max Time":769000000,"Access Object":"","Operation Info":"ge(new0107.orders.o_orderdate, 1993-08-01 00:00:00.000000), lt(new0107.orders.o_orderdate, 1993-11-01 00:00:00.000000)","Execution Info":"tikv_task:{proc max:769ms, min:343ms, p80:769ms, p95:769ms, iters:987, tasks:2}, scan_detail: {total_process_keys: 1001472, total_process_keys_size: 151717700, total_keys: 1001474, rocksdb: {delete_skipped_count: 0, key_skipped_count: 1001472, block: {cache_hit_count: 2529, read_count: 0, read_byte: 0 Bytes}}}","Disk":0,"Memory":0,"Plans":[{"Node Id":"TableFullScan","Plan Rows":1094656,"Actual Rows":1001472,"Task":"cop[tikv]","Total Time":1060000000,"Max Time":740000000,"Access Object":"","Operation Info":"table:orders, keep order:false","Execution Info":"tikv_task:{proc max:740ms, min:320ms, p80:740ms, p95:740ms, iters:987, tasks:2}","Disk":0,"Memory":0,"Plans":[]}]}]}]},{"Node Id":"TableReader","Plan Rows":4009.984,"Actual Rows":988138,"Task":"root","Total Time":8605701623,"Max Time":8605701623,"Access Object":"","Operation Info":"data:Selection_66","Execution Info":"time:8.61s, loops:963, cop_task: {num: 9, max: 9.46s, min: 4.74s, avg: 7.89s, p95: 9.46s, max_proc_keys: 512775, p95_proc_keys: 512775, tot_proc: 1m8.9s, tot_wait: 374ms, rpc_num: 9, rpc_time: 1m11s, copr_cache_hit_ratio: 0.00}","Disk":0,"Memory":45586894,"Plans":[{"Node Id":"Selection","Plan Rows":4009.984,"Actual Rows":988138,"Task":"cop[tikv]","Total Time":4543000000,"Max Time":711000000,"Access Object":"","Operation Info":"eq(new0107.lineitem.l_returnflag, \"R\")","Execution Info":"tikv_task:{proc max:711ms, min:282ms, p80:594ms, p95:711ms, iters:3959, tasks:9}, scan_detail: {total_process_keys: 4009984, total_process_keys_size: 787655655, total_keys: 4009993, rocksdb: {delete_skipped_count: 0, key_skipped_count: 4009984, block: {cache_hit_count: 12898, read_count: 0, read_byte: 0 Bytes}}}","Disk":0,"Memory":0,"Plans":[{"Node Id":"TableFullScan","Plan Rows":4009984,"Actual Rows":4009984,"Task":"cop[tikv]","Total Time":4133000000,"Max Time":665000000,"Access Object":"","Operation Info":"table:lineitem, keep order:false","Execution Info":"tikv_task:{proc max:665ms, min:239ms, p80:541ms, p95:665ms, iters:3959, tasks:9}","Disk":0,"Memory":0,"Plans":[]}]}]}]}]}]}]}]}]},
      "sql": "select  c_custkey,  c_name,  sum(l_extendedprice * (1 - l_discount)) as revenue,  c_acctbal,  n_name,  c_address,  c_phone,  c_comment from  customer,  orders,  lineitem,  nation where  c_custkey = o_custkey  and l_orderkey = o_orderkey  and o_orderdate >= '1993-08-01'  and o_orderdate < date_add('1993-08-01', interval '3' month)  and l_returnflag = 'R'  and c_nationkey = n_nationkey group by  c_custkey,  c_name,  c_acctbal,  c_phone,  n_name,  c_address,  c_comment order by  revenue desc limit 20;"
    },
    {
      "plan": {"Node Id":"Projection","Plan Rows":1,"Actual Rows":1,"Task":"root","Total Time":7296993267,"Max Time":7296993267,"Access Object":"","Operation Info":"Column#69, Column#138, Column#207, Column#276, Column#345, Column#414, Column#483, Column#552","Execution Info":"time:7.3s, loops:2, Concurrency:OFF","Disk":0,"Memory":2976,"Plans":[{"Node Id":"HashJoin","Plan Rows":1,"Actual Rows":1,"Task":"root","Total Time":7296979887,"Max Time":7296979887,"Access Object":"","Operation Info":"CARTESIAN inner join","Execution Info":"time:7.3s, loops:2, build_hash_table:{total:7.29s, fetch:7.29s, build:6.43µs}, probe:{concurrency:5, total:36.5s, max:7.3s, probe:4.11µs, fetch:36.5s}","Disk":0,"Memory":1488,"Plans":[{"Node Id":"HashJoin","Plan Rows":1,"Actual Rows":1,"Task":"root","Total Time":7296621095,"Max Time":7296621095,"Access Object":"","Operation Info":"CARTESIAN inner join","Execution Info":"time:7.3s, loops:2, build_hash_table:{total:7.3s, fetch:7.3s, build:22.9µs}, probe:{concurrency:5, total:36.5s, max:7.3s, probe:7.56µs, fetch:36.5s}","Disk":0,"Memory":744,"Plans":[{"Node Id":"HashJoin","Plan Rows":1,"Actual Rows":1,"Task":"root","Total Time":7273662005,"Max Time":7273662005,"Access Object":"","Operation Info":"CARTESIAN inner join","Execution Info":"time:7.27s, loops:2, build_hash_table:{total:7.27s, fetch:7.27s, build:8.72µs}, probe:{concurrency:5, total:36.4s, max:7.27s, probe:7.24µs, fetch:36.4s}","Disk":0,"Memory":8432,"Plans":[{"Node Id":"StreamAgg","Plan Rows":1,"Actual Rows":1,"Task":"root","Total Time":7139445462,"Max Time":7139445462,"Access Object":"","Operation Info":"funcs:count(1)-\u003eColumn#138","Execution Info":"time:7.14s, loops:2","Disk":0,"Memory":8,"Plans":[{"Node Id":"IndexJoin","Plan Rows":0.0234375,"Actual Rows":4221,"Task":"root","Total Time":7139264879,"Max Time":7139264879,"Access Object":"","Operation Info":"inner join, inner:TableReader_149, outer key:tpcds1.store_sales.ss_sold_time_sk, inner key:tpcds1.time_dim.t_time_sk, equal cond:eq(tpcds1.store_sales.ss_sold_time_sk, tpcds1.time_dim.t_time_sk)","Execution Info":"time:7.14s, loops:6, inner:{total:3.41s, concurrency:5, task:12, construct:689.9ms, fetch:2.72s, build:225.1µs}, probe:29.9ms","Disk":0,"Memory":10939457,"Plans":[{"Node Id":"IndexJoin","Plan Rows":0.018750000000000003,"Actual Rows":109474,"Task":"root","Total Time":6919593820,"Max Time":6919593820,"Access Object":"","Operation Info":"inner join, inner:TableReader_162, outer key:tpcds1.store_sales.ss_hdemo_sk, inner key:tpcds1.household_demographics.hd_demo_sk, equal cond:eq(tpcds1.store_sales.ss_hdemo_sk, tpcds1.household_demographics.hd_demo_sk)","Execution Info":"time:6.92s, loops:111, inner:{total:9.99s, concurrency:5, task:25, construct:2.35s, fetch:7.59s, build:41.5ms}, probe:606.4ms","Disk":0,"Memory":47598138,"Plans":[{"Node Id":"HashJoin","Plan Rows":0.015,"Actual Rows":442113,"Task":"root","Total Time":6465149822,"Max Time":6465149822,"Access Object":"","Operation Info":"inner join, equal:[eq(tpcds1.store.s_store_sk, tpcds1.store_sales.ss_store_sk)]","Execution Info":"time:6.47s, loops:435, build_hash_table:{total:10.6ms, fetch:10.6ms, build:3.51µs}, probe:{concurrency:5, total:33.4s, max:6.68s, probe:3.86s, fetch:29.5s}","Disk":0,"Memory":25056,"Plans":[{"Node Id":"TableReader","Plan Rows":0.012,"Actual Rows":1,"Task":"root","Total Time":10457548,"Max Time":10457548,"Access Object":"","Operation Info":"data:Selection_190","Execution Info":"time:10.5ms, loops:2, cop_task: {num: 1, max: 2.25ms, proc_keys: 12, rpc_num: 2, rpc_time: 7.86ms, copr_cache_hit_ratio: 0.00}","Disk":0,"Memory":249,"Plans":[{"Node Id":"Selection","Plan Rows":0.012,"Actual Rows":1,"Task":"cop[tikv]","Total Time":0,"Max Time":0,"Access Object":"","Operation Info":"eq(tpcds1.store.s_store_name, \"ese\")","Execution Info":"tikv_task:{time:0s, loops:1}, scan_detail: {total_process_keys: 12, total_process_keys_size: 4093, total_keys: 13, rocksdb: {delete_skipped_count: 0, key_skipped_count: 23, block: {cache_hit_count: 4, read_count: 0, read_byte: 0 Bytes}}}","Disk":0,"Memory":0,"Plans":[{"Node Id":"TableFullScan","Plan Rows":12,"Actual Rows":12,"Task":"cop[tikv]","Total Time":0,"Max Time":0,"Access Object":"","Operation Info":"table:store, keep order:false","Execution Info":"tikv_task:{time:0s, loops:1}","Disk":0,"Memory":0,"Plans":[]}]}]},{"Node Id":"TableReader","Plan Rows":5743542.852663192,"Actual Rows":2653171,"Task":"root","Total Time":5597036974,"Max Time":5597036974,"Access Object":"","Operation Info":"data:Selection_187","Execution Info":"time:5.6s, loops:2816, cop_task: {num: 7, max: 1.54s, min: 84.3ms, avg: 944.1ms, p95: 1.54s, max_proc_keys: 538629, p95_proc_keys: 538629, tot_proc: 5.18s, tot_wait: 397ms, rpc_num: 8, rpc_time: 6.61s, copr_cache_hit_ratio: 0.00}","Disk":0,"Memory":23767072,"Plans":[{"Node Id":"Selection","Plan Rows":5743542.852663192,"Actual Rows":2653171,"Task":"cop[tikv]","Total Time":3500000000,"Max Time":767000000,"Access Object":"","Operation Info":"not(isnull(tpcds1.store_sales.ss_hdemo_sk)), not(isnull(tpcds1.store_sales.ss_sold_time_sk)), not(isnull(tpcds1.store_sales.ss_store_sk))","Execution Info":"tikv_task:{proc max:767ms, min:0s, p80:729ms, p95:767ms, iters:2843, tasks:7}, scan_detail: {total_process_keys: 2880404, total_process_keys_size: 564654700, total_keys: 2880411, rocksdb: {delete_skipped_count: 0, key_skipped_count: 2880404, block: {cache_hit_count: 8333, read_count: 909, read_byte: 15.1 MB}}}","Disk":0,"Memory":0,"Plans":[{"Node Id":"TableFullScan","Plan Rows":5760808,"Actual Rows":2880404,"Task":"cop[tikv]","Total Time":3173000000,"Max Time":703000000,"Access Object":"","Operation Info":"table:store_sales, keep order:false","Execution Info":"tikv_task:{proc max:703ms, min:0s, p80:669ms, p95:703ms, iters:2843, tasks:7}","Disk":0,"Memory":0,"Plans":[]}]}]}]},{"Node Id":"TableReader","Plan Rows":0.0009966687003713692,"Actual Rows":8567,"Task":"root","Total Time":7478279117,"Max Time":738963201,"Access Object":"","Operation Info":"data:Selection_161","Execution Info":"time:7.48s, loops:50, cop_task: {num: 25, max: 710.4ms, min: 22.6ms, avg: 275.7ms, p95: 695.8ms, max_proc_keys: 2010, p95_proc_keys: 2008, tot_proc: 4.02s, tot_wait: 1.04s, rpc_num: 49, rpc_time: 13.3s, copr_cache_hit_ratio: 0.00}","Disk":0,"Memory":0,"Plans":[{"Node Id":"Selection","Plan Rows":0.0009966687003713692,"Actual Rows":8567,"Task":"cop[tikv]","Total Time":342000000,"Max Time":51000000,"Access Object":"","Operation Info":"or(and(eq(tpcds1.household_demographics.hd_dep_count, 3), le(tpcds1.household_demographics.hd_vehicle_count, 5)), or(and(eq(tpcds1.household_demographics.hd_dep_count, 0), le(tpcds1.household_demographics.hd_vehicle_count, 2)), and(eq(tpcds1.household_demographics.hd_dep_count, 1), le(tpcds1.household_demographics.hd_vehicle_count, 3))))","Execution Info":"tikv_task:{proc max:51ms, min:1ms, p80:17ms, p95:25ms, iters:124, tasks:25}, scan_detail: {total_process_keys: 34580, total_process_keys_size: 1919310, total_keys: 41097, rocksdb: {delete_skipped_count: 0, key_skipped_count: 15441, block: {cache_hit_count: 32414, read_count: 0, read_byte: 0 Bytes}}}","Disk":0,"Memory":0,"Plans":[{"Node Id":"TableRangeScan","Plan Rows":1,"Actual Rows":34580,"Task":"cop[tikv]","Total Time":335000000,"Max Time":51000000,"Access Object":"","Operation Info":"table:household_demographics, range: decided by [tpcds1.store_sales.ss_hdemo_sk], keep order:false","Execution Info":"tikv_task:{proc max:51ms, min:1ms, p80:16ms, p95:24ms, iters:124, tasks:25}","Disk":0,"Memory":0,"Plans":[]}]}]}]},{"Node Id":"TableReader","Plan Rows":0.0003323333333333333,"Actual Rows":371,"Task":"root","Total Time":2684313012,"Max Time":815797606,"Access Object":"","Operation Info":"data:Selection_148","Execution Info":"time:2.68s, loops:20, cop_task: {num: 12, max: 750.1ms, min: 30.8ms, avg: 181.7ms, p95: 750.1ms, max_proc_keys: 2251, p95_proc_keys: 2251, tot_proc: 640ms, tot_wait: 761ms, rpc_num: 23, rpc_time: 4.26s, copr_cache_hit_ratio: 0.00}","Disk":0,"Memory":0,"Plans":[{"Node Id":"Selection","Plan Rows":0.0003323333333333333,"Actual Rows":371,"Task":"cop[tikv]","Total Time":78000000,"Max Time":18000000,"Access Object":"","Operation Info":"eq(tpcds1.time_dim.t_hour, 9), lt(tpcds1.time_dim.t_minute, 30)","Execution Info":"tikv_task:{proc max:18ms, min:0s, p80:17ms, p95:18ms, iters:46, tasks:12}, scan_detail: {total_process_keys: 9684, total_process_keys_size: 981072, total_keys: 10094, rocksdb: {delete_skipped_count: 0, key_skipped_count: 846, block: {cache_hit_count: 10345, read_count: 0, read_byte: 0 Bytes}}}","Disk":0,"Memory":0,"Plans":[{"Node Id":"TableRangeScan","Plan Rows":1,"Actual Rows":9684,"Task":"cop[tikv]","Total Time":78000000,"Max Time":18000000,"Access Object":"","Operation Info":"table:time_dim, range: decided by [tpcds1.store_sales.ss_sold_time_sk], keep order:false","Execution Info":"tikv_task:{proc max:18ms, min:0s, p80:17ms, p95:18ms, iters:46, tasks:12}","Disk":0,"Memory":0,"Plans":[]}]}]}]}]},{"Node Id":"StreamAgg","Plan Rows":1,"Actual Rows":1,"Task":"root","Total Time":7273184349,"Max Time":7273184349,"Access Object":"","Operation Info":"funcs:count(1)-\u003eColumn#276","Execution Info":"time:7.27s, loops:2","Disk":0,"Memory":8,"Plans":[{"Node Id":"IndexJoin","Plan Rows":0.0234375,"Actual Rows":6702,"Task":"root","Total Time":7272843327,"Max Time":7272843327,"Access Object":"","Operation Info":"inner join, inner:TableReader_202, outer key:tpcds1.store_sales.ss_sold_time_sk, inner key:tpcds1.time_dim.t_time_sk, equal cond:eq(tpcds1.store_sales.ss_sold_time_sk, tpcds1.time_dim.t_time_sk)","Execution Info":"time:7.27s, loops:8, inner:{total:2.68s, concurrency:5, task:12, construct:700.5ms, fetch:1.98s, build:303.4µs}, probe:27.7ms","Disk":0,"Memory":10949897,"Plans":[{"Node Id":"IndexJoin","Plan Rows":0.018750000000000003,"Actual Rows":109474,"Task":"root","Total Time":7194332155,"Max Time":7194332155,"Access Object":"","Operation Info":"inner join, inner:TableReader_215, outer key:tpcds1.store_sales.ss_hdemo_sk, inner key:tpcds1.household_demographics.hd_demo_sk, equal cond:eq(tpcds1.store_sales.ss_hdemo_sk, tpcds1.household_demographics.hd_demo_sk)","Execution Info":"time:7.19s, loops:111, inner:{total:9.98s, concurrency:5, task:25, construct:2s, fetch:7.98s, build:4.27ms}, probe:960.4ms","Disk":0,"Memory":47631066,"Plans":[{"Node Id":"HashJoin","Plan Rows":0.015,"Actual Rows":442113,"Task":"root","Total Time":6498089006,"Max Time":6498089006,"Access Object":"","Operation Info":"inner join, equal:[eq(tpcds1.store.s_store_sk, tpcds1.store_sales.ss_store_sk)]","Execution Info":"time:6.5s, loops:437, build_hash_table:{total:10.4ms, fetch:10.4ms, build:6.27µs}, probe:{concurrency:5, total:34s, max:6.82s, probe:5.34s, fetch:28.6s}","Disk":0,"Memory":25056,"Plans":[{"Node Id":"TableReader","Plan Rows":0.012,"Actual Rows":1,"Task":"root","Total Time":10271041,"Max Time":10271041,"Access Object":"","Operation Info":"data:Selection_243","Execution Info":"time:10.3ms, loops:2, cop_task: {num: 1, max: 1.57ms, proc_keys: 12, rpc_num: 2, rpc_time: 6.24ms, copr_cache_hit_ratio: 0.00}","Disk":0,"Memory":249,"Plans":[{"Node Id":"Selection","Plan Rows":0.012,"Actual Rows":1,"Task":"cop[tikv]","Total Time":0,"Max Time":0,"Access Object":"","Operation Info":"eq(tpcds1.store.s_store_name, \"ese\")","Execution Info":"tikv_task:{time:0s, loops:1}, scan_detail: {total_process_keys: 12, total_process_keys_size: 4093, total_keys: 13, rocksdb: {delete_skipped_count: 0, key_skipped_count: 23, block: {cache_hit_count: 4, read_count: 0, read_byte: 0 Bytes}}}","Disk":0,"Memory":0,"Plans":[{"Node Id":"TableFullScan","Plan Rows":12,"Actual Rows":12,"Task":"cop[tikv]","Total Time":0,"Max Time":0,"Access Object":"","Operation Info":"table:store, keep order:false","Execution Info":"tikv_task:{time:0s, loops:1}","Disk":0,"Memory":0,"Plans":[]}]}]},{"Node Id":"TableReader","Plan Rows":5743542.852663192,"Actual Rows":2653171,"Task":"root","Total Time":5341383239,"Max Time":5341383239,"Access Object":"","Operation Info":"data:Selection_240","Execution Info":"time:5.34s, loops:2816, cop_task: {num: 7, max: 1.44s, min: 61.1ms, avg: 965.5ms, p95: 1.44s, max_proc_keys: 538629, p95_proc_keys: 538629, tot_proc: 5.43s, tot_wait: 393ms, rpc_num: 8, rpc_time: 6.76s, copr_cache_hit_ratio: 0.00}","Disk":0,"Memory":23767074,"Plans":[{"Node Id":"Selection","Plan Rows":5743542.852663192,"Actual Rows":2653171,"Task":"cop[tikv]","Total Time":3678000000,"Max Time":864000000,"Access Object":"","Operation Info":"not(isnull(tpcds1.store_sales.ss_hdemo_sk)), not(isnull(tpcds1.store_sales.ss_sold_time_sk)), not(isnull(tpcds1.store_sales.ss_store_sk))","Execution Info":"tikv_task:{proc max:864ms, min:0s, p80:777ms, p95:864ms, iters:2843, tasks:7}, scan_detail: {total_process_keys: 2880404, total_process_keys_size: 564654700, total_keys: 2880411, rocksdb: {delete_skipped_count: 0, key_skipped_count: 2880404, block: {cache_hit_count: 8407, read_count: 835, read_byte: 13.9 MB}}}","Disk":0,"Memory":0,"Plans":[{"Node Id":"TableFullScan","Plan Rows":5760808,"Actual Rows":2880404,"Task":"cop[tikv]","Total Time":3341000000,"Max Time":758000000,"Access Object":"","Operation Info":"table:store_sales, keep order:false","Execution Info":"tikv_task:{proc max:758ms, min:0s, p80:714ms, p95:758ms, iters:2843, tasks:7}","Disk":0,"Memory":0,"Plans":[]}]}]}]},{"Node Id":"TableReader","Plan Rows":0.0009966687003713692,"Actual Rows":8573,"Task":"root","Total Time":7631479500,"Max Time":848815748,"Access Object":"","Operation Info":"data:Selection_214","Execution Info":"time:7.63s, loops:50, cop_task: {num: 25, max: 829.8ms, min: 26.1ms, avg: 284ms, p95: 593.3ms, max_proc_keys: 2001, p95_proc_keys: 2001, tot_proc: 4.05s, tot_wait: 1.69s, rpc_num: 49, rpc_time: 14s, copr_cache_hit_ratio: 0.00}","Disk":0,"Memory":0,"Plans":[{"Node Id":"Selection","Plan Rows":0.0009966687003713692,"Actual Rows":8573,"Task":"cop[tikv]","Total Time":440000000,"Max Time":77000000,"Access Object":"","Operation Info":"or(and(eq(tpcds1.household_demographics.hd_dep_count, 3), le(tpcds1.household_demographics.hd_vehicle_count, 5)), or(and(eq(tpcds1.household_demographics.hd_dep_count, 0), le(tpcds1.household_demographics.hd_vehicle_count, 2)), and(eq(tpcds1.household_demographics.hd_dep_count, 1), le(tpcds1.household_demographics.hd_vehicle_count, 3))))","Execution Info":"tikv_task:{proc max:77ms, min:0s, p80:29ms, p95:52ms, iters:124, tasks:25}, scan_detail: {total_process_keys: 34608, total_process_keys_size: 1920924, total_keys: 41124, rocksdb: {delete_skipped_count: 0, key_skipped_count: 15449, block: {cache_hit_count: 32431, read_count: 0, read_byte: 0 Bytes}}}","Disk":0,"Memory":0,"Plans":[{"Node Id":"TableRangeScan","Plan Rows":1,"Actual Rows":34608,"Task":"cop[tikv]","Total Time":432000000,"Max Time":76000000,"Access Object":"","Operation Info":"table:household_demographics, range: decided by [tpcds1.store_sales.ss_hdemo_sk], keep order:false","Execution Info":"tikv_task:{proc max:76ms, min:0s, p80:28ms, p95:51ms, iters:124, tasks:25}","Disk":0,"Memory":0,"Plans":[]}]}]}]},{"Node Id":"TableReader","Plan Rows":0.0003323333333333333,"Actual Rows":593,"Task":"root","Total Time":1837263937,"Max Time":405321840,"Access Object":"","Operation Info":"data:Selection_201","Execution Info":"time:1.84s, loops:22, cop_task: {num: 12, max: 404.2ms, min: 27ms, avg: 148.9ms, p95: 404.2ms, max_proc_keys: 2256, p95_proc_keys: 2256, tot_proc: 797ms, tot_wait: 702ms, rpc_num: 23, rpc_time: 3.51s, copr_cache_hit_ratio: 0.00}","Disk":0,"Memory":0,"Plans":[{"Node Id":"Selection","Plan Rows":0.0003323333333333333,"Actual Rows":593,"Task":"cop[tikv]","Total Time":87000000,"Max Time":24000000,"Access Object":"","Operation Info":"eq(tpcds1.time_dim.t_hour, 10), lt(tpcds1.time_dim.t_minute, 30)","Execution Info":"tikv_task:{proc max:24ms, min:0s, p80:18ms, p95:24ms, iters:46, tasks:12}, scan_detail: {total_process_keys: 9689, total_process_keys_size: 981605, total_keys: 10098, rocksdb: {delete_skipped_count: 0, key_skipped_count: 844, block: {cache_hit_count: 10352, read_count: 0, read_byte: 0 Bytes}}}","Disk":0,"Memory":0,"Plans":[{"Node Id":"TableRangeScan","Plan Rows":1,"Actual Rows":9689,"Task":"cop[tikv]","Total Time":86000000,"Max Time":24000000,"Access Object":"","Operation Info":"table:time_dim, range: decided by [tpcds1.store_sales.ss_sold_time_sk], keep order:false","Execution Info":"tikv_task:{proc max:24ms, min:0s, p80:18ms, p95:24ms, iters:46, tasks:12}","Disk":0,"Memory":0,"Plans":[]}]}]}]}]}]},{"Node Id":"HashJoin","Plan Rows":1,"Actual Rows":1,"Task":"root","Total Time":7296153140,"Max Time":7296153140,"Access Object":"","Operation Info":"CARTESIAN inner join","Execution Info":"time:7.3s, loops:2, build_hash_table:{total:7.28s, fetch:7.28s, build:7.63µs}, probe:{concurrency:5, total:36.5s, max:7.3s, probe:7.48µs, fetch:36.5s}","Disk":0,"Memory":8432,"Plans":[{"Node Id":"StreamAgg","Plan Rows":1,"Actual Rows":1,"Task":"root","Total Time":7295606155,"Max Time":7295606155,"Access Object":"","Operation Info":"funcs:count(1)-\u003eColumn#414","Execution Info":"time:7.3s, loops:2","Disk":0,"Memory":8,"Plans":[{"Node Id":"IndexJoin","Plan Rows":0.0234375,"Actual Rows":3691,"Task":"root","Total Time":7295422606,"Max Time":7295422606,"Access Object":"","Operation Info":"inner join, inner:TableReader_257, outer key:tpcds1.store_sales.ss_sold_time_sk, inner key:tpcds1.time_dim.t_time_sk, equal cond:eq(tpcds1.store_sales.ss_sold_time_sk, tpcds1.time_dim.t_time_sk)","Execution Info":"time:7.3s, loops:5, inner:{total:3.18s, concurrency:5, task:12, construct:308.8ms, fetch:2.87s, build:212µs}, probe:25.8ms","Disk":0,"Memory":10941953,"Plans":[{"Node Id":"IndexJoin","Plan Rows":0.018750000000000003,"Actual Rows":109474,"Task":"root","Total Time":7244908673,"Max Time":7244908673,"Access Object":"","Operation Info":"inner join, inner:TableReader_270, outer key:tpcds1.store_sales.ss_hdemo_sk, inner key:tpcds1.household_demographics.hd_demo_sk, equal cond:eq(tpcds1.store_sales.ss_hdemo_sk, tpcds1.household_demographics.hd_demo_sk)","Execution Info":"time:7.24s, loops:111, inner:{total:8.2s, concurrency:5, task:25, construct:2.95s, fetch:5.24s, build:4.59ms}, probe:426.4ms","Disk":0,"Memory":47628506,"Plans":[{"Node Id":"HashJoin","Plan Rows":0.015,"Actual Rows":442113,"Task":"root","Total Time":6731101097,"Max Time":6731101097,"Access Object":"","Operation Info":"inner join, equal:[eq(tpcds1.store.s_store_sk, tpcds1.store_sales.ss_store_sk)]","Execution Info":"time:6.73s, loops:437, build_hash_table:{total:9.76ms, fetch:9.72ms, build:39.4µs}, probe:{concurrency:5, total:35.5s, max:7.11s, probe:6.87s, fetch:28.6s}","Disk":0,"Memory":25056,"Plans":[{"Node Id":"TableReader","Plan Rows":0.012,"Actual Rows":1,"Task":"root","Total Time":9617943,"Max Time":9617943,"Access Object":"","Operation Info":"data:Selection_298","Execution Info":"time:9.62ms, loops:2, cop_task: {num: 1, max: 1.52ms, proc_keys: 12, tot_proc: 1ms, rpc_num: 2, rpc_time: 4.15ms, copr_cache_hit_ratio: 0.00}","Disk":0,"Memory":256,"Plans":[{"Node Id":"Selection","Plan Rows":0.012,"Actual Rows":1,"Task":"cop[tikv]","Total Time":1000000,"Max Time":1000000,"Access Object":"","Operation Info":"eq(tpcds1.store.s_store_name, \"ese\")","Execution Info":"tikv_task:{time:1ms, loops:1}, scan_detail: {total_process_keys: 12, total_process_keys_size: 4093, total_keys: 13, rocksdb: {delete_skipped_count: 0, key_skipped_count: 23, block: {cache_hit_count: 2, read_count: 2, read_byte: 1.75 KB}}}","Disk":0,"Memory":0,"Plans":[{"Node Id":"TableFullScan","Plan Rows":12,"Actual Rows":12,"Task":"cop[tikv]","Total Time":0,"Max Time":0,"Access Object":"","Operation Info":"table:store, keep order:false","Execution Info":"tikv_task:{time:0s, loops:1}","Disk":0,"Memory":0,"Plans":[]}]}]},{"Node Id":"TableReader","Plan Rows":5743542.852663192,"Actual Rows":2653171,"Task":"root","Total Time":5385111782,"Max Time":5385111782,"Access Object":"","Operation Info":"data:Selection_295","Execution Info":"time:5.39s, loops:2816, cop_task: {num: 7, max: 1.51s, min: 82ms, avg: 987.5ms, p95: 1.51s, max_proc_keys: 538629, p95_proc_keys: 538629, tot_proc: 5.75s, tot_wait: 342ms, rpc_num: 8, rpc_time: 6.92s, copr_cache_hit_ratio: 0.00}","Disk":0,"Memory":23767080,"Plans":[{"Node Id":"Selection","Plan Rows":5743542.852663192,"Actual Rows":2653171,"Task":"cop[tikv]","Total Time":4121000000,"Max Time":894000000,"Access Object":"","Operation Info":"not(isnull(tpcds1.store_sales.ss_hdemo_sk)), not(isnull(tpcds1.store_sales.ss_sold_time_sk)), not(isnull(tpcds1.store_sales.ss_store_sk))","Execution Info":"tikv_task:{proc max:894ms, min:0s, p80:871ms, p95:894ms, iters:2843, tasks:7}, scan_detail: {total_process_keys: 2880404, total_process_keys_size: 564654700, total_keys: 2880411, rocksdb: {delete_skipped_count: 0, key_skipped_count: 2880404, block: {cache_hit_count: 5334, read_count: 3908, read_byte: 63.5 MB}}}","Disk":0,"Memory":0,"Plans":[{"Node Id":"TableFullScan","Plan Rows":5760808,"Actual Rows":2880404,"Task":"cop[tikv]","Total Time":3838000000,"Max Time":833000000,"Access Object":"","Operation Info":"table:store_sales, keep order:false","Execution Info":"tikv_task:{proc max:833ms, min:0s, p80:812ms, p95:833ms, iters:2843, tasks:7}","Disk":0,"Memory":0,"Plans":[]}]}]}]},{"Node Id":"TableReader","Plan Rows":0.0009966687003713692,"Actual Rows":8575,"Task":"root","Total Time":4895635867,"Max Time":405870268,"Access Object":"","Operation Info":"data:Selection_269","Execution Info":"time:4.9s, loops:50, cop_task: {num: 25, max: 379.6ms, min: 25.1ms, avg: 182.1ms, p95: 357ms, max_proc_keys: 1996, p95_proc_keys: 1993, tot_proc: 1.85s, tot_wait: 1.36s, rpc_num: 49, rpc_time: 8.97s, copr_cache_hit_ratio: 0.00}","Disk":0,"Memory":0,"Plans":[{"Node Id":"Selection","Plan Rows":0.0009966687003713692,"Actual Rows":8575,"Task":"cop[tikv]","Total Time":408000000,"Max Time":84000000,"Access Object":"","Operation Info":"or(and(eq(tpcds1.household_demographics.hd_dep_count, 3), le(tpcds1.household_demographics.hd_vehicle_count, 5)), or(and(eq(tpcds1.household_demographics.hd_dep_count, 0), le(tpcds1.household_demographics.hd_vehicle_count, 2)), and(eq(tpcds1.household_demographics.hd_dep_count, 1), le(tpcds1.household_demographics.hd_vehicle_count, 3))))","Execution Info":"tikv_task:{proc max:84ms, min:1ms, p80:27ms, p95:35ms, iters:124, tasks:25}, scan_detail: {total_process_keys: 34539, total_process_keys_size: 1917024, total_keys: 40975, rocksdb: {delete_skipped_count: 0, key_skipped_count: 15232, block: {cache_hit_count: 32412, read_count: 8, read_byte: 29.1 KB}}}","Disk":0,"Memory":0,"Plans":[{"Node Id":"TableRangeScan","Plan Rows":1,"Actual Rows":34539,"Task":"cop[tikv]","Total Time":405000000,"Max Time":84000000,"Access Object":"","Operation Info":"table:household_demographics, range: decided by [tpcds1.store_sales.ss_hdemo_sk], keep order:false","Execution Info":"tikv_task:{proc max:84ms, min:1ms, p80:26ms, p95:35ms, iters:124, tasks:25}","Disk":0,"Memory":0,"Plans":[]}]}]}]},{"Node Id":"TableReader","Plan Rows":0.0003323333333333333,"Actual Rows":327,"Task":"root","Total Time":2799131418,"Max Time":627674813,"Access Object":"","Operation Info":"data:Selection_256","Execution Info":"time:2.8s, loops:21, cop_task: {num: 12, max: 626.6ms, min: 19.9ms, avg: 198ms, p95: 626.6ms, max_proc_keys: 2255, p95_proc_keys: 2255, tot_proc: 1.35s, tot_wait: 602ms, rpc_num: 23, rpc_time: 4.72s, copr_cache_hit_ratio: 0.00}","Disk":0,"Memory":0,"Plans":[{"Node Id":"Selection","Plan Rows":0.0003323333333333333,"Actual Rows":327,"Task":"cop[tikv]","Total Time":90000000,"Max Time":18000000,"Access Object":"","Operation Info":"eq(tpcds1.time_dim.t_hour, 11), lt(tpcds1.time_dim.t_minute, 30)","Execution Info":"tikv_task:{proc max:18ms, min:1ms, p80:16ms, p95:18ms, iters:46, tasks:12}, scan_detail: {total_process_keys: 9683, total_process_keys_size: 981007, total_keys: 10098, rocksdb: {delete_skipped_count: 0, key_skipped_count: 855, block: {cache_hit_count: 10301, read_count: 40, read_byte: 148.0 KB}}}","Disk":0,"Memory":0,"Plans":[{"Node Id":"TableRangeScan","Plan Rows":1,"Actual Rows":9683,"Task":"cop[tikv]","Total Time":88000000,"Max Time":18000000,"Access Object":"","Operation Info":"table:time_dim, range: decided by [tpcds1.store_sales.ss_sold_time_sk], keep order:false","Execution Info":"tikv_task:{proc max:18ms, min:0s, p80:15ms, p95:18ms, iters:46, tasks:12}","Disk":0,"Memory":0,"Plans":[]}]}]}]}]},{"Node Id":"StreamAgg","Plan Rows":1,"Actual Rows":1,"Task":"root","Total Time":7277666332,"Max Time":7277666332,"Access Object":"","Operation Info":"funcs:count(1)-\u003eColumn#552","Execution Info":"time:7.28s, loops:2","Disk":0,"Memory":8,"Plans":[{"Node Id":"IndexJoin","Plan Rows":0.0234375,"Actual Rows":4404,"Task":"root","Total Time":7277493065,"Max Time":7277493065,"Access Object":"","Operation Info":"inner join, inner:TableReader_310, outer key:tpcds1.store_sales.ss_sold_time_sk, inner key:tpcds1.time_dim.t_time_sk, equal cond:eq(tpcds1.store_sales.ss_sold_time_sk, tpcds1.time_dim.t_time_sk)","Execution Info":"time:7.28s, loops:6, inner:{total:2.5s, concurrency:5, task:12, construct:671.7ms, fetch:1.83s, build:254.4µs}, probe:184ms","Disk":0,"Memory":10944809,"Plans":[{"Node Id":"IndexJoin","Plan Rows":0.018750000000000003,"Actual Rows":109474,"Task":"root","Total Time":7204733785,"Max Time":7204733785,"Access Object":"","Operation Info":"inner join, inner:TableReader_323, outer key:tpcds1.store_sales.ss_hdemo_sk, inner key:tpcds1.household_demographics.hd_demo_sk, equal cond:eq(tpcds1.store_sales.ss_hdemo_sk, tpcds1.household_demographics.hd_demo_sk)","Execution Info":"time:7.2s, loops:111, inner:{total:9.76s, concurrency:5, task:25, construct:2s, fetch:7.75s, build:4.44ms}, probe:574.7ms","Disk":0,"Memory":47627802,"Plans":[{"Node Id":"HashJoin","Plan Rows":0.015,"Actual Rows":442113,"Task":"root","Total Time":6912437174,"Max Time":6912437174,"Access Object":"","Operation Info":"inner join, equal:[eq(tpcds1.store.s_store_sk, tpcds1.store_sales.ss_store_sk)]","Execution Info":"time:6.91s, loops:437, build_hash_table:{total:9.93ms, fetch:9.93ms, build:5.68µs}, probe:{concurrency:5, total:35.1s, max:7.06s, probe:4.16s, fetch:31s}","Disk":0,"Memory":25056,"Plans":[{"Node Id":"TableReader","Plan Rows":0.012,"Actual Rows":1,"Task":"root","Total Time":9787075,"Max Time":9787075,"Access Object":"","Operation Info":"data:Selection_351","Execution Info":"time:9.79ms, loops:2, cop_task: {num: 1, max: 1.94ms, proc_keys: 12, rpc_num: 2, rpc_time: 4.58ms, copr_cache_hit_ratio: 0.00}","Disk":0,"Memory":249,"Plans":[{"Node Id":"Selection","Plan Rows":0.012,"Actual Rows":1,"Task":"cop[tikv]","Total Time":0,"Max Time":0,"Access Object":"","Operation Info":"eq(tpcds1.store.s_store_name, \"ese\")","Execution Info":"tikv_task:{time:0s, loops:1}, scan_detail: {total_process_keys: 12, total_process_keys_size: 4093, total_keys: 13, rocksdb: {delete_skipped_count: 0, key_skipped_count: 23, block: {cache_hit_count: 4, read_count: 0, read_byte: 0 Bytes}}}","Disk":0,"Memory":0,"Plans":[{"Node Id":"TableFullScan","Plan Rows":12,"Actual Rows":12,"Task":"cop[tikv]","Total Time":0,"Max Time":0,"Access Object":"","Operation Info":"table:store, keep order:false","Execution Info":"tikv_task:{time:0s, loops:1}","Disk":0,"Memory":0,"Plans":[]}]}]},{"Node Id":"TableReader","Plan Rows":5743542.852663192,"Actual Rows":2653171,"Task":"root","Total Time":5806873110,"Max Time":5806873110,"Access Object":"","Operation Info":"data:Selection_348","Execution Info":"time:5.81s, loops:2816, cop_task: {num: 7, max: 1.56s, min: 30.5ms, avg: 965.9ms, p95: 1.56s, max_proc_keys: 538629, p95_proc_keys: 538629, tot_proc: 5.35s, tot_wait: 309ms, rpc_num: 8, rpc_time: 6.77s, copr_cache_hit_ratio: 0.14}","Disk":0,"Memory":23767076,"Plans":[{"Node Id":"Selection","Plan Rows":5743542.852663192,"Actual Rows":2653171,"Task":"cop[tikv]","Total Time":3610000000,"Max Time":820000000,"Access Object":"","Operation Info":"not(isnull(tpcds1.store_sales.ss_hdemo_sk)), not(isnull(tpcds1.store_sales.ss_sold_time_sk)), not(isnull(tpcds1.store_sales.ss_store_sk))","Execution Info":"tikv_task:{proc max:820ms, min:0s, p80:753ms, p95:820ms, iters:2843, tasks:7}, scan_detail: {total_process_keys: 2677097, total_process_keys_size: 524744747, total_keys: 2677103, rocksdb: {delete_skipped_count: 0, key_skipped_count: 2677097, block: {cache_hit_count: 6356, read_count: 2232, read_byte: 36.7 MB}}}","Disk":0,"Memory":0,"Plans":[{"Node Id":"TableFullScan","Plan Rows":5760808,"Actual Rows":2880404,"Task":"cop[tikv]","Total Time":3333000000,"Max Time":761000000,"Access Object":"","Operation Info":"table:store_sales, keep order:false","Execution Info":"tikv_task:{proc max:761ms, min:0s, p80:700ms, p95:761ms, iters:2843, tasks:7}","Disk":0,"Memory":0,"Plans":[]}]}]}]},{"Node Id":"TableReader","Plan Rows":0.0009966687003713692,"Actual Rows":8595,"Task":"root","Total Time":7607368003,"Max Time":712495372,"Access Object":"","Operation Info":"data:Selection_322","Execution Info":"time:7.61s, loops:50, cop_task: {num: 25, max: 693.1ms, min: 20.9ms, avg: 285.9ms, p95: 642.9ms, max_proc_keys: 2001, p95_proc_keys: 1999, tot_proc: 4.85s, tot_wait: 1.15s, rpc_num: 49, rpc_time: 14.3s, copr_cache_hit_ratio: 0.00}","Disk":0,"Memory":0,"Plans":[{"Node Id":"Selection","Plan Rows":0.0009966687003713692,"Actual Rows":8595,"Task":"cop[tikv]","Total Time":328000000,"Max Time":27000000,"Access Object":"","Operation Info":"or(and(eq(tpcds1.household_demographics.hd_dep_count, 3), le(tpcds1.household_demographics.hd_vehicle_count, 5)), or(and(eq(tpcds1.household_demographics.hd_dep_count, 0), le(tpcds1.household_demographics.hd_vehicle_count, 2)), and(eq(tpcds1.household_demographics.hd_dep_count, 1), le(tpcds1.household_demographics.hd_vehicle_count, 3))))","Execution Info":"tikv_task:{proc max:27ms, min:1ms, p80:21ms, p95:26ms, iters:124, tasks:25}, scan_detail: {total_process_keys: 34638, total_process_keys_size: 1922481, total_keys: 41142, rocksdb: {delete_skipped_count: 0, key_skipped_count: 15402, block: {cache_hit_count: 32486, read_count: 0, read_byte: 0 Bytes}}}","Disk":0,"Memory":0,"Plans":[{"Node Id":"TableRangeScan","Plan Rows":1,"Actual Rows":34638,"Task":"cop[tikv]","Total Time":311000000,"Max Time":27000000,"Access Object":"","Operation Info":"table:household_demographics, range: decided by [tpcds1.store_sales.ss_hdemo_sk], keep order:false","Execution Info":"tikv_task:{proc max:27ms, min:1ms, p80:19ms, p95:24ms, iters:124, tasks:25}","Disk":0,"Memory":0,"Plans":[]}]}]}]},{"Node Id":"TableReader","Plan Rows":0.0003323333333333333,"Actual Rows":394,"Task":"root","Total Time":1726928574,"Max Time":463957806,"Access Object":"","Operation Info":"data:Selection_309","Execution Info":"time:1.73s, loops:22, cop_task: {num: 12, max: 421.6ms, min: 25.8ms, avg: 127.5ms, p95: 421.6ms, max_proc_keys: 2258, p95_proc_keys: 2258, tot_proc: 651ms, tot_wait: 464ms, rpc_num: 23, rpc_time: 3.01s, copr_cache_hit_ratio: 0.00}","Disk":0,"Memory":0,"Plans":[{"Node Id":"Selection","Plan Rows":0.0003323333333333333,"Actual Rows":394,"Task":"cop[tikv]","Total Time":106000000,"Max Time":26000000,"Access Object":"","Operation Info":"eq(tpcds1.time_dim.t_hour, 12), lt(tpcds1.time_dim.t_minute, 30)","Execution Info":"tikv_task:{proc max:26ms, min:0s, p80:22ms, p95:26ms, iters:46, tasks:12}, scan_detail: {total_process_keys: 9680, total_process_keys_size: 980682, total_keys: 10091, rocksdb: {delete_skipped_count: 0, key_skipped_count: 845, block: {cache_hit_count: 10327, read_count: 17, read_byte: 61.4 KB}}}","Disk":0,"Memory":0,"Plans":[{"Node Id":"TableRangeScan","Plan Rows":1,"Actual Rows":9680,"Task":"cop[tikv]","Total Time":106000000,"Max Time":26000000,"Access Object":"","Operation Info":"table:time_dim, range: decided by [tpcds1.store_sales.ss_sold_time_sk], keep order:false","Execution Info":"tikv_task:{proc max:26ms, min:0s, p80:22ms, p95:26ms, iters:46, tasks:12}","Disk":0,"Memory":0,"Plans":[]}]}]}]}]}]}]},{"Node Id":"HashJoin","Plan Rows":1,"Actual Rows":1,"Task":"root","Total Time":7286669614,"Max Time":7286669614,"Access Object":"","Operation Info":"CARTESIAN inner join","Execution Info":"time:7.29s, loops:2, build_hash_table:{total:7.28s, fetch:7.28s, build:3.68µs}, probe:{concurrency:5, total:36.4s, max:7.29s, probe:18.5µs, fetch:36.4s}","Disk":0,"Memory":744,"Plans":[{"Node Id":"HashJoin","Plan Rows":1,"Actual Rows":1,"Task":"root","Total Time":7286268458,"Max Time":7286268458,"Access Object":"","Operation Info":"CARTESIAN inner join","Execution Info":"time:7.29s, loops:2, build_hash_table:{total:7.29s, fetch:7.29s, build:5.73µs}, probe:{concurrency:5, total:36.4s, max:7.29s, probe:5.4µs, fetch:36.4s}","Disk":0,"Memory":8432,"Plans":[{"Node Id":"StreamAgg","Plan Rows":1,"Actual Rows":1,"Task":"root","Total Time":7194319636,"Max Time":7194319636,"Access Object":"","Operation Info":"funcs:count(1)-\u003eColumn#69","Execution Info":"time:7.19s, loops:2","Disk":0,"Memory":8,"Plans":[{"Node Id":"IndexJoin","Plan Rows":0.023437500000000007,"Actual Rows":2176,"Task":"root","Total Time":7194182464,"Max Time":7194182464,"Access Object":"","Operation Info":"inner join, inner:TableReader_367, outer key:tpcds1.store_sales.ss_sold_time_sk, inner key:tpcds1.time_dim.t_time_sk, equal cond:eq(tpcds1.store_sales.ss_sold_time_sk, tpcds1.time_dim.t_time_sk)","Execution Info":"time:7.19s, loops:4, inner:{total:2.43s, concurrency:5, task:12, construct:724.6ms, fetch:1.71s, build:134.7µs}, probe:116.5ms","Disk":0,"Memory":10940537,"Plans":[{"Node Id":"IndexJoin","Plan Rows":0.018750000000000003,"Actual Rows":109474,"Task":"root","Total Time":7085581213,"Max Time":7085581213,"Access Object":"","Operation Info":"inner join, inner:TableReader_380, outer key:tpcds1.store_sales.ss_hdemo_sk, inner key:tpcds1.household_demographics.hd_demo_sk, equal cond:eq(tpcds1.store_sales.ss_hdemo_sk, tpcds1.household_demographics.hd_demo_sk)","Execution Info":"time:7.09s, loops:111, inner:{total:12s, concurrency:5, task:25, construct:2.45s, fetch:9.43s, build:130.3ms}, probe:688.9ms","Disk":0,"Memory":47615210,"Plans":[{"Node Id":"HashJoin","Plan Rows":0.015,"Actual Rows":442113,"Task":"root","Total Time":6716713266,"Max Time":6716713266,"Access Object":"","Operation Info":"inner join, equal:[eq(tpcds1.store.s_store_sk, tpcds1.store_sales.ss_store_sk)]","Execution Info":"time:6.72s, loops:436, build_hash_table:{total:9.8ms, fetch:9.8ms, build:6.2µs}, probe:{concurrency:5, total:34.5s, max:6.96s, probe:5.22s, fetch:29.3s}","Disk":0,"Memory":25056,"Plans":[{"Node Id":"TableReader","Plan Rows":0.012,"Actual Rows":1,"Task":"root","Total Time":9501806,"Max Time":9501806,"Access Object":"","Operation Info":"data:Selection_408","Execution Info":"time:9.5ms, loops:2, cop_task: {num: 1, max: 1.61ms, proc_keys: 12, rpc_num: 2, rpc_time: 4.16ms, copr_cache_hit_ratio: 0.00}","Disk":0,"Memory":245,"Plans":[{"Node Id":"Selection","Plan Rows":0.012,"Actual Rows":1,"Task":"cop[tikv]","Total Time":0,"Max Time":0,"Access Object":"","Operation Info":"eq(tpcds1.store.s_store_name, \"ese\")","Execution Info":"tikv_task:{time:0s, loops:1}, scan_detail: {total_process_keys: 12, total_process_keys_size: 4093, total_keys: 13, rocksdb: {delete_skipped_count: 0, key_skipped_count: 23, block: {cache_hit_count: 4, read_count: 0, read_byte: 0 Bytes}}}","Disk":0,"Memory":0,"Plans":[{"Node Id":"TableFullScan","Plan Rows":12,"Actual Rows":12,"Task":"cop[tikv]","Total Time":0,"Max Time":0,"Access Object":"","Operation Info":"table:store, keep order:false","Execution Info":"tikv_task:{time:0s, loops:1}","Disk":0,"Memory":0,"Plans":[]}]}]},{"Node Id":"TableReader","Plan Rows":5743542.852663192,"Actual Rows":2653171,"Task":"root","Total Time":5683909462,"Max Time":5683909462,"Access Object":"","Operation Info":"data:Selection_405","Execution Info":"time:5.68s, loops:2816, cop_task: {num: 7, max: 1.34s, min: 47.5ms, avg: 965.9ms, p95: 1.34s, max_proc_keys: 538629, p95_proc_keys: 538629, tot_proc: 4.53s, tot_wait: 329ms, rpc_num: 8, rpc_time: 6.76s, copr_cache_hit_ratio: 0.00}","Disk":0,"Memory":23767074,"Plans":[{"Node Id":"Selection","Plan Rows":5743542.852663192,"Actual Rows":2653171,"Task":"cop[tikv]","Total Time":3314000000,"Max Time":753000000,"Access Object":"","Operation Info":"not(isnull(tpcds1.store_sales.ss_hdemo_sk)), not(isnull(tpcds1.store_sales.ss_sold_time_sk)), not(isnull(tpcds1.store_sales.ss_store_sk))","Execution Info":"tikv_task:{proc max:753ms, min:0s, p80:587ms, p95:753ms, iters:2843, tasks:7}, scan_detail: {total_process_keys: 2880404, total_process_keys_size: 564654700, total_keys: 2880411, rocksdb: {delete_skipped_count: 0, key_skipped_count: 2880404, block: {cache_hit_count: 8237, read_count: 1005, read_byte: 16.3 MB}}}","Disk":0,"Memory":0,"Plans":[{"Node Id":"TableFullScan","Plan Rows":5760808,"Actual Rows":2880404,"Task":"cop[tikv]","Total Time":3015000000,"Max Time":703000000,"Access Object":"","Operation Info":"table:store_sales, keep order:false","Execution Info":"tikv_task:{proc max:703ms, min:0s, p80:552ms, p95:703ms, iters:2843, tasks:7}","Disk":0,"Memory":0,"Plans":[]}]}]}]},{"Node Id":"TableReader","Plan Rows":0.0009966687003713692,"Actual Rows":8584,"Task":"root","Total Time":9313213572,"Max Time":926015129,"Access Object":"","Operation Info":"data:Selection_379","Execution Info":"time:9.31s, loops:50, cop_task: {num: 25, max: 925.3ms, min: 34.3ms, avg: 347.9ms, p95: 763.9ms, max_proc_keys: 2003, p95_proc_keys: 2002, tot_proc: 5.92s, tot_wait: 1.25s, rpc_num: 49, rpc_time: 17.3s, copr_cache_hit_ratio: 0.00}","Disk":0,"Memory":0,"Plans":[{"Node Id":"Selection","Plan Rows":0.0009966687003713692,"Actual Rows":8584,"Task":"cop[tikv]","Total Time":324000000,"Max Time":29000000,"Access Object":"","Operation Info":"or(and(eq(tpcds1.household_demographics.hd_dep_count, 3), le(tpcds1.household_demographics.hd_vehicle_count, 5)), or(and(eq(tpcds1.household_demographics.hd_dep_count, 0), le(tpcds1.household_demographics.hd_vehicle_count, 2)), and(eq(tpcds1.household_demographics.hd_dep_count, 1), le(tpcds1.household_demographics.hd_vehicle_count, 3))))","Execution Info":"tikv_task:{proc max:29ms, min:0s, p80:19ms, p95:27ms, iters:124, tasks:25}, scan_detail: {total_process_keys: 34614, total_process_keys_size: 1921200, total_keys: 41072, rocksdb: {delete_skipped_count: 0, key_skipped_count: 15350, block: {cache_hit_count: 32423, read_count: 0, read_byte: 0 Bytes}}}","Disk":0,"Memory":0,"Plans":[{"Node Id":"TableRangeScan","Plan Rows":1,"Actual Rows":34614,"Task":"cop[tikv]","Total Time":321000000,"Max Time":29000000,"Access Object":"","Operation Info":"table:household_demographics, range: decided by [tpcds1.store_sales.ss_hdemo_sk], keep order:false","Execution Info":"tikv_task:{proc max:29ms, min:0s, p80:19ms, p95:27ms, iters:124, tasks:25}","Disk":0,"Memory":0,"Plans":[]}]}]}]},{"Node Id":"TableReader","Plan Rows":0.0003333333333333333,"Actual Rows":199,"Task":"root","Total Time":1668903182,"Max Time":337745201,"Access Object":"","Operation Info":"data:Selection_366","Execution Info":"time:1.67s, loops:21, cop_task: {num: 12, max: 315.9ms, min: 37ms, avg: 127.2ms, p95: 315.9ms, max_proc_keys: 2253, p95_proc_keys: 2253, tot_proc: 318ms, tot_wait: 742ms, rpc_num: 23, rpc_time: 3s, copr_cache_hit_ratio: 0.00}","Disk":0,"Memory":0,"Plans":[{"Node Id":"Selection","Plan Rows":0.0003333333333333333,"Actual Rows":199,"Task":"cop[tikv]","Total Time":106000000,"Max Time":49000000,"Access Object":"","Operation Info":"eq(tpcds1.time_dim.t_hour, 8), ge(tpcds1.time_dim.t_minute, 30)","Execution Info":"tikv_task:{proc max:49ms, min:0s, p80:17ms, p95:49ms, iters:46, tasks:12}, scan_detail: {total_process_keys: 9681, total_process_keys_size: 980816, total_keys: 10083, rocksdb: {delete_skipped_count: 0, key_skipped_count: 829, block: {cache_hit_count: 10343, read_count: 0, read_byte: 0 Bytes}}}","Disk":0,"Memory":0,"Plans":[{"Node Id":"TableRangeScan","Plan Rows":1,"Actual Rows":9681,"Task":"cop[tikv]","Total Time":106000000,"Max Time":49000000,"Access Object":"","Operation Info":"table:time_dim, range: decided by [tpcds1.store_sales.ss_sold_time_sk], keep order:false","Execution Info":"tikv_task:{proc max:49ms, min:0s, p80:17ms, p95:49ms, iters:46, tasks:12}","Disk":0,"Memory":0,"Plans":[]}]}]}]}]},{"Node Id":"StreamAgg","Plan Rows":1,"Actual Rows":1,"Task":"root","Total Time":7285604673,"Max Time":7285604673,"Access Object":"","Operation Info":"funcs:count(1)-\u003eColumn#207","Execution Info":"time:7.29s, loops:2","Disk":0,"Memory":8,"Plans":[{"Node Id":"IndexJoin","Plan Rows":0.023437500000000007,"Actual Rows":4500,"Task":"root","Total Time":7285383749,"Max Time":7285383749,"Access Object":"","Operation Info":"inner join, inner:TableReader_420, outer key:tpcds1.store_sales.ss_sold_time_sk, inner key:tpcds1.time_dim.t_time_sk, equal cond:eq(tpcds1.store_sales.ss_sold_time_sk, tpcds1.time_dim.t_time_sk)","Execution Info":"time:7.29s, loops:6, inner:{total:2.74s, concurrency:5, task:12, construct:767.2ms, fetch:1.97s, build:8.38ms}, probe:59.9ms","Disk":0,"Memory":10945757,"Plans":[{"Node Id":"IndexJoin","Plan Rows":0.018750000000000003,"Actual Rows":109474,"Task":"root","Total Time":7212739123,"Max Time":7212739123,"Access Object":"","Operation Info":"inner join, inner:TableReader_433, outer key:tpcds1.store_sales.ss_hdemo_sk, inner key:tpcds1.household_demographics.hd_demo_sk, equal cond:eq(tpcds1.store_sales.ss_hdemo_sk, tpcds1.household_demographics.hd_demo_sk)","Execution Info":"time:7.21s, loops:111, inner:{total:7.53s, concurrency:5, task:25, construct:1.92s, fetch:5.61s, build:4.64ms}, probe:567.1ms","Disk":0,"Memory":47608778,"Plans":[{"Node Id":"HashJoin","Plan Rows":0.015,"Actual Rows":442113,"Task":"root","Total Time":6701671398,"Max Time":6701671398,"Access Object":"","Operation Info":"inner join, equal:[eq(tpcds1.store.s_store_sk, tpcds1.store_sales.ss_store_sk)]","Execution Info":"time:6.7s, loops:436, build_hash_table:{total:9.51ms, fetch:9.51ms, build:3.55µs}, probe:{concurrency:5, total:34.7s, max:6.96s, probe:4.57s, fetch:30.1s}","Disk":0,"Memory":25056,"Plans":[{"Node Id":"TableReader","Plan Rows":0.012,"Actual Rows":1,"Task":"root","Total Time":9379868,"Max Time":9379868,"Access Object":"","Operation Info":"data:Selection_461","Execution Info":"time:9.38ms, loops:2, cop_task: {num: 1, max: 1.91ms, proc_keys: 12, rpc_num: 2, rpc_time: 4.05ms, copr_cache_hit_ratio: 0.00}","Disk":0,"Memory":249,"Plans":[{"Node Id":"Selection","Plan Rows":0.012,"Actual Rows":1,"Task":"cop[tikv]","Total Time":0,"Max Time":0,"Access Object":"","Operation Info":"eq(tpcds1.store.s_store_name, \"ese\")","Execution Info":"tikv_task:{time:0s, loops:1}, scan_detail: {total_process_keys: 12, total_process_keys_size: 4093, total_keys: 13, rocksdb: {delete_skipped_count: 0, key_skipped_count: 23, block: {cache_hit_count: 4, read_count: 0, read_byte: 0 Bytes}}}","Disk":0,"Memory":0,"Plans":[{"Node Id":"TableFullScan","Plan Rows":12,"Actual Rows":12,"Task":"cop[tikv]","Total Time":0,"Max Time":0,"Access Object":"","Operation Info":"table:store, keep order:false","Execution Info":"tikv_task:{time:0s, loops:1}","Disk":0,"Memory":0,"Plans":[]}]}]},{"Node Id":"TableReader","Plan Rows":5743542.852663192,"Actual Rows":2653171,"Task":"root","Total Time":5849992883,"Max Time":5849992883,"Access Object":"","Operation Info":"data:Selection_458","Execution Info":"time:5.85s, loops:2816, cop_task: {num: 7, max: 1.46s, min: 42.5ms, avg: 964.4ms, p95: 1.46s, max_proc_keys: 538629, p95_proc_keys: 538629, tot_proc: 5.59s, tot_wait: 280ms, rpc_num: 8, rpc_time: 6.76s, copr_cache_hit_ratio: 0.00}","Disk":0,"Memory":23767072,"Plans":[{"Node Id":"Selection","Plan Rows":5743542.852663192,"Actual Rows":2653171,"Task":"cop[tikv]","Total Time":3778000000,"Max Time":887000000,"Access Object":"","Operation Info":"not(isnull(tpcds1.store_sales.ss_hdemo_sk)), not(isnull(tpcds1.store_sales.ss_sold_time_sk)), not(isnull(tpcds1.store_sales.ss_store_sk))","Execution Info":"tikv_task:{proc max:887ms, min:0s, p80:712ms, p95:887ms, iters:2843, tasks:7}, scan_detail: {total_process_keys: 2880404, total_process_keys_size: 564654700, total_keys: 2880411, rocksdb: {delete_skipped_count: 0, key_skipped_count: 2880404, block: {cache_hit_count: 5983, read_count: 3259, read_byte: 53.0 MB}}}","Disk":0,"Memory":0,"Plans":[{"Node Id":"TableFullScan","Plan Rows":5760808,"Actual Rows":2880404,"Task":"cop[tikv]","Total Time":3504000000,"Max Time":837000000,"Access Object":"","Operation Info":"table:store_sales, keep order:false","Execution Info":"tikv_task:{proc max:837ms, min:0s, p80:676ms, p95:837ms, iters:2843, tasks:7}","Disk":0,"Memory":0,"Plans":[]}]}]}]},{"Node Id":"TableReader","Plan Rows":0.0009966687003713692,"Actual Rows":8594,"Task":"root","Total Time":5481826305,"Max Time":725399182,"Access Object":"","Operation Info":"data:Selection_432","Execution Info":"time:5.48s, loops:50, cop_task: {num: 25, max: 724.4ms, min: 27.9ms, avg: 204.2ms, p95: 625ms, max_proc_keys: 2012, p95_proc_keys: 1995, tot_proc: 2.86s, tot_wait: 1.11s, rpc_num: 49, rpc_time: 10.2s, copr_cache_hit_ratio: 0.00}","Disk":0,"Memory":0,"Plans":[{"Node Id":"Selection","Plan Rows":0.0009966687003713692,"Actual Rows":8594,"Task":"cop[tikv]","Total Time":327000000,"Max Time":39000000,"Access Object":"","Operation Info":"or(and(eq(tpcds1.household_demographics.hd_dep_count, 3), le(tpcds1.household_demographics.hd_vehicle_count, 5)), or(and(eq(tpcds1.household_demographics.hd_dep_count, 0), le(tpcds1.household_demographics.hd_vehicle_count, 2)), and(eq(tpcds1.household_demographics.hd_dep_count, 1), le(tpcds1.household_demographics.hd_vehicle_count, 3))))","Execution Info":"tikv_task:{proc max:39ms, min:1ms, p80:18ms, p95:34ms, iters:124, tasks:25}, scan_detail: {total_process_keys: 34621, total_process_keys_size: 1921561, total_keys: 41139, rocksdb: {delete_skipped_count: 0, key_skipped_count: 15443, block: {cache_hit_count: 32455, read_count: 0, read_byte: 0 Bytes}}}","Disk":0,"Memory":0,"Plans":[{"Node Id":"TableRangeScan","Plan Rows":1,"Actual Rows":34621,"Task":"cop[tikv]","Total Time":322000000,"Max Time":38000000,"Access Object":"","Operation Info":"table:household_demographics, range: decided by [tpcds1.store_sales.ss_hdemo_sk], keep order:false","Execution Info":"tikv_task:{proc max:38ms, min:1ms, p80:17ms, p95:34ms, iters:124, tasks:25}","Disk":0,"Memory":0,"Plans":[]}]}]}]},{"Node Id":"TableReader","Plan Rows":0.0003333333333333333,"Actual Rows":396,"Task":"root","Total Time":1917265994,"Max Time":471077649,"Access Object":"","Operation Info":"data:Selection_419","Execution Info":"time:1.92s, loops:22, cop_task: {num: 12, max: 468.6ms, min: 28.6ms, avg: 149.8ms, p95: 468.6ms, max_proc_keys: 2258, p95_proc_keys: 2258, tot_proc: 678ms, tot_wait: 694ms, rpc_num: 23, rpc_time: 3.46s, copr_cache_hit_ratio: 0.00}","Disk":0,"Memory":0,"Plans":[{"Node Id":"Selection","Plan Rows":0.0003333333333333333,"Actual Rows":396,"Task":"cop[tikv]","Total Time":119000000,"Max Time":31000000,"Access Object":"","Operation Info":"eq(tpcds1.time_dim.t_hour, 9), ge(tpcds1.time_dim.t_minute, 30)","Execution Info":"tikv_task:{proc max:31ms, min:0s, p80:23ms, p95:31ms, iters:46, tasks:12}, scan_detail: {total_process_keys: 9682, total_process_keys_size: 980894, total_keys: 10084, rocksdb: {delete_skipped_count: 0, key_skipped_count: 831, block: {cache_hit_count: 10326, read_count: 13, read_byte: 47.9 KB}}}","Disk":0,"Memory":0,"Plans":[{"Node Id":"TableRangeScan","Plan Rows":1,"Actual Rows":9682,"Task":"cop[tikv]","Total Time":118000000,"Max Time":31000000,"Access Object":"","Operation Info":"table:time_dim, range: decided by [tpcds1.store_sales.ss_sold_time_sk], keep order:false","Execution Info":"tikv_task:{proc max:31ms, min:0s, p80:23ms, p95:31ms, iters:46, tasks:12}","Disk":0,"Memory":0,"Plans":[]}]}]}]}]}]},{"Node Id":"HashJoin","Plan Rows":1,"Actual Rows":1,"Task":"root","Total Time":7279169239,"Max Time":7279169239,"Access Object":"","Operation Info":"CARTESIAN inner join","Execution Info":"time:7.28s, loops:2, build_hash_table:{total:7.28s, fetch:7.28s, build:8.13µs}, probe:{concurrency:5, total:36.4s, max:7.28s, probe:6.31µs, fetch:36.4s}","Disk":0,"Memory":8432,"Plans":[{"Node Id":"StreamAgg","Plan Rows":1,"Actual Rows":1,"Task":"root","Total Time":7224923118,"Max Time":7224923118,"Access Object":"","Operation Info":"funcs:count(1)-\u003eColumn#345","Execution Info":"time:7.22s, loops:2","Disk":0,"Memory":8,"Plans":[{"Node Id":"IndexJoin","Plan Rows":0.023437500000000007,"Actual Rows":6385,"Task":"root","Total Time":7224619291,"Max Time":7224619291,"Access Object":"","Operation Info":"inner join, inner:TableReader_475, outer key:tpcds1.store_sales.ss_sold_time_sk, inner key:tpcds1.time_dim.t_time_sk, equal cond:eq(tpcds1.store_sales.ss_sold_time_sk, tpcds1.time_dim.t_time_sk)","Execution Info":"time:7.22s, loops:8, inner:{total:3.11s, concurrency:5, task:12, construct:260.9ms, fetch:2.85s, build:340.6µs}, probe:46.7ms","Disk":0,"Memory":10951397,"Plans":[{"Node Id":"IndexJoin","Plan Rows":0.018750000000000003,"Actual Rows":109474,"Task":"root","Total Time":7154739464,"Max Time":7154739464,"Access Object":"","Operation Info":"inner join, inner:TableReader_488, outer key:tpcds1.store_sales.ss_hdemo_sk, inner key:tpcds1.household_demographics.hd_demo_sk, equal cond:eq(tpcds1.store_sales.ss_hdemo_sk, tpcds1.household_demographics.hd_demo_sk)","Execution Info":"time:7.15s, loops:111, inner:{total:9.54s, concurrency:5, task:25, construct:1.76s, fetch:7.78s, build:5.06ms}, probe:540.5ms","Disk":0,"Memory":47613003,"Plans":[{"Node Id":"HashJoin","Plan Rows":0.015,"Actual Rows":442113,"Task":"root","Total Time":6736960607,"Max Time":6736960607,"Access Object":"","Operation Info":"inner join, equal:[eq(tpcds1.store.s_store_sk, tpcds1.store_sales.ss_store_sk)]","Execution Info":"time:6.74s, loops:436, build_hash_table:{total:9.15ms, fetch:9.14ms, build:4.61µs}, probe:{concurrency:5, total:35.2s, max:7.04s, probe:4.76s, fetch:30.4s}","Disk":0,"Memory":25056,"Plans":[{"Node Id":"TableReader","Plan Rows":0.012,"Actual Rows":1,"Task":"root","Total Time":9021115,"Max Time":9021115,"Access Object":"","Operation Info":"data:Selection_516","Execution Info":"time:9.02ms, loops:2, cop_task: {num: 1, max: 1.79ms, proc_keys: 12, tot_proc: 1ms, rpc_num: 2, rpc_time: 5.11ms, copr_cache_hit_ratio: 0.00}","Disk":0,"Memory":261,"Plans":[{"Node Id":"Selection","Plan Rows":0.012,"Actual Rows":1,"Task":"cop[tikv]","Total Time":1000000,"Max Time":1000000,"Access Object":"","Operation Info":"eq(tpcds1.store.s_store_name, \"ese\")","Execution Info":"tikv_task:{time:1ms, loops:1}, scan_detail: {total_process_keys: 12, total_process_keys_size: 4093, total_keys: 13, rocksdb: {delete_skipped_count: 0, key_skipped_count: 23, block: {cache_hit_count: 3, read_count: 1, read_byte: 110 Bytes}}}","Disk":0,"Memory":0,"Plans":[{"Node Id":"TableFullScan","Plan Rows":12,"Actual Rows":12,"Task":"cop[tikv]","Total Time":1000000,"Max Time":1000000,"Access Object":"","Operation Info":"table:store, keep order:false","Execution Info":"tikv_task:{time:1ms, loops:1}","Disk":0,"Memory":0,"Plans":[]}]}]},{"Node Id":"TableReader","Plan Rows":5743542.852663192,"Actual Rows":2653171,"Task":"root","Total Time":5852670742,"Max Time":5852670742,"Access Object":"","Operation Info":"data:Selection_513","Execution Info":"time:5.85s, loops:2816, cop_task: {num: 7, max: 1.9s, min: 9.97ms, avg: 994.8ms, p95: 1.9s, max_proc_keys: 538629, p95_proc_keys: 538629, tot_proc: 6.21s, tot_wait: 259ms, rpc_num: 8, rpc_time: 6.97s, copr_cache_hit_ratio: 0.00}","Disk":0,"Memory":23767072,"Plans":[{"Node Id":"Selection","Plan Rows":5743542.852663192,"Actual Rows":2653171,"Task":"cop[tikv]","Total Time":3602000000,"Max Time":716000000,"Access Object":"","Operation Info":"not(isnull(tpcds1.store_sales.ss_hdemo_sk)), not(isnull(tpcds1.store_sales.ss_sold_time_sk)), not(isnull(tpcds1.store_sales.ss_store_sk))","Execution Info":"tikv_task:{proc max:716ms, min:0s, p80:659ms, p95:716ms, iters:2843, tasks:7}, scan_detail: {total_process_keys: 2880404, total_process_keys_size: 564654700, total_keys: 2880411, rocksdb: {delete_skipped_count: 0, key_skipped_count: 2880404, block: {cache_hit_count: 9241, read_count: 1, read_byte: 16.6 KB}}}","Disk":0,"Memory":0,"Plans":[{"Node Id":"TableFullScan","Plan Rows":5760808,"Actual Rows":2880404,"Task":"cop[tikv]","Total Time":3332000000,"Max Time":661000000,"Access Object":"","Operation Info":"table:store_sales, keep order:false","Execution Info":"tikv_task:{proc max:661ms, min:0s, p80:616ms, p95:661ms, iters:2843, tasks:7}","Disk":0,"Memory":0,"Plans":[]}]}]}]},{"Node Id":"TableReader","Plan Rows":0.0009966687003713692,"Actual Rows":8616,"Task":"root","Total Time":7734718118,"Max Time":721390524,"Access Object":"","Operation Info":"data:Selection_487","Execution Info":"time:7.73s, loops:50, cop_task: {num: 25, max: 720.2ms, min: 14.2ms, avg: 283.5ms, p95: 648ms, max_proc_keys: 2005, p95_proc_keys: 2004, tot_proc: 2.73s, tot_wait: 1.93s, rpc_num: 49, rpc_time: 14s, copr_cache_hit_ratio: 0.00}","Disk":0,"Memory":0,"Plans":[{"Node Id":"Selection","Plan Rows":0.0009966687003713692,"Actual Rows":8616,"Task":"cop[tikv]","Total Time":348000000,"Max Time":37000000,"Access Object":"","Operation Info":"or(and(eq(tpcds1.household_demographics.hd_dep_count, 3), le(tpcds1.household_demographics.hd_vehicle_count, 5)), or(and(eq(tpcds1.household_demographics.hd_dep_count, 0), le(tpcds1.household_demographics.hd_vehicle_count, 2)), and(eq(tpcds1.household_demographics.hd_dep_count, 1), le(tpcds1.household_demographics.hd_vehicle_count, 3))))","Execution Info":"tikv_task:{proc max:37ms, min:0s, p80:21ms, p95:34ms, iters:124, tasks:25}, scan_detail: {total_process_keys: 34657, total_process_keys_size: 1923519, total_keys: 41184, rocksdb: {delete_skipped_count: 0, key_skipped_count: 15484, block: {cache_hit_count: 32469, read_count: 0, read_byte: 0 Bytes}}}","Disk":0,"Memory":0,"Plans":[{"Node Id":"TableRangeScan","Plan Rows":1,"Actual Rows":34657,"Task":"cop[tikv]","Total Time":340000000,"Max Time":37000000,"Access Object":"","Operation Info":"table:household_demographics, range: decided by [tpcds1.store_sales.ss_hdemo_sk], keep order:false","Execution Info":"tikv_task:{proc max:37ms, min:0s, p80:20ms, p95:34ms, iters:124, tasks:25}","Disk":0,"Memory":0,"Plans":[]}]}]}]},{"Node Id":"TableReader","Plan Rows":0.0003333333333333333,"Actual Rows":568,"Task":"root","Total Time":2728481144,"Max Time":622933628,"Access Object":"","Operation Info":"data:Selection_474","Execution Info":"time:2.73s, loops:23, cop_task: {num: 12, max: 622.3ms, min: 20.9ms, avg: 219.7ms, p95: 622.3ms, max_proc_keys: 2257, p95_proc_keys: 2257, tot_proc: 1.18s, tot_wait: 494ms, rpc_num: 23, rpc_time: 5.24s, copr_cache_hit_ratio: 0.00}","Disk":0,"Memory":0,"Plans":[{"Node Id":"Selection","Plan Rows":0.0003333333333333333,"Actual Rows":568,"Task":"cop[tikv]","Total Time":80000000,"Max Time":20000000,"Access Object":"","Operation Info":"eq(tpcds1.time_dim.t_hour, 10), ge(tpcds1.time_dim.t_minute, 30)","Execution Info":"tikv_task:{proc max:20ms, min:0s, p80:16ms, p95:20ms, iters:46, tasks:12}, scan_detail: {total_process_keys: 9681, total_process_keys_size: 980816, total_keys: 10087, rocksdb: {delete_skipped_count: 0, key_skipped_count: 837, block: {cache_hit_count: 10343, read_count: 0, read_byte: 0 Bytes}}}","Disk":0,"Memory":0,"Plans":[{"Node Id":"TableRangeScan","Plan Rows":1,"Actual Rows":9681,"Task":"cop[tikv]","Total Time":80000000,"Max Time":20000000,"Access Object":"","Operation Info":"table:time_dim, range: decided by [tpcds1.store_sales.ss_sold_time_sk], keep order:false","Execution Info":"tikv_task:{proc max:20ms, min:0s, p80:16ms, p95:20ms, iters:46, tasks:12}","Disk":0,"Memory":0,"Plans":[]}]}]}]}]},{"Node Id":"StreamAgg","Plan Rows":1,"Actual Rows":1,"Task":"root","Total Time":7278583308,"Max Time":7278583308,"Access Object":"","Operation Info":"funcs:count(1)-\u003eColumn#483","Execution Info":"time:7.28s, loops:2","Disk":0,"Memory":8,"Plans":[{"Node Id":"IndexJoin","Plan Rows":0.023437500000000007,"Actual Rows":4158,"Task":"root","Total Time":7278374318,"Max Time":7278374318,"Access Object":"","Operation Info":"inner join, inner:TableReader_528, outer key:tpcds1.store_sales.ss_sold_time_sk, inner key:tpcds1.time_dim.t_time_sk, equal cond:eq(tpcds1.store_sales.ss_sold_time_sk, tpcds1.time_dim.t_time_sk)","Execution Info":"time:7.28s, loops:6, inner:{total:2.31s, concurrency:5, task:12, construct:281ms, fetch:2.03s, build:223.6µs}, probe:44.2ms","Disk":0,"Memory":10945349,"Plans":[{"Node Id":"IndexJoin","Plan Rows":0.018750000000000003,"Actual Rows":109474,"Task":"root","Total Time":7202448071,"Max Time":7202448071,"Access Object":"","Operation Info":"inner join, inner:TableReader_541, outer key:tpcds1.store_sales.ss_hdemo_sk, inner key:tpcds1.household_demographics.hd_demo_sk, equal cond:eq(tpcds1.store_sales.ss_hdemo_sk, tpcds1.household_demographics.hd_demo_sk)","Execution Info":"time:7.2s, loops:111, inner:{total:9.6s, concurrency:5, task:25, construct:2.38s, fetch:7.21s, build:6.52ms}, probe:365.8ms","Disk":0,"Memory":47615179,"Plans":[{"Node Id":"HashJoin","Plan Rows":0.015,"Actual Rows":442113,"Task":"root","Total Time":6779458744,"Max Time":6779458744,"Access Object":"","Operation Info":"inner join, equal:[eq(tpcds1.store.s_store_sk, tpcds1.store_sales.ss_store_sk)]","Execution Info":"time:6.78s, loops:436, build_hash_table:{total:9.26ms, fetch:9.25ms, build:6.27µs}, probe:{concurrency:5, total:35.2s, max:7.1s, probe:5.31s, fetch:29.9s}","Disk":0,"Memory":25056,"Plans":[{"Node Id":"TableReader","Plan Rows":0.012,"Actual Rows":1,"Task":"root","Total Time":9076815,"Max Time":9076815,"Access Object":"","Operation Info":"data:Selection_569","Execution Info":"time:9.08ms, loops:2, cop_task: {num: 1, max: 2.13ms, proc_keys: 12, tot_proc: 1ms, rpc_num: 2, rpc_time: 5.26ms, copr_cache_hit_ratio: 0.00}","Disk":0,"Memory":257,"Plans":[{"Node Id":"Selection","Plan Rows":0.012,"Actual Rows":1,"Task":"cop[tikv]","Total Time":1000000,"Max Time":1000000,"Access Object":"","Operation Info":"eq(tpcds1.store.s_store_name, \"ese\")","Execution Info":"tikv_task:{time:1ms, loops:1}, scan_detail: {total_process_keys: 12, total_process_keys_size: 4093, total_keys: 13, rocksdb: {delete_skipped_count: 0, key_skipped_count: 23, block: {cache_hit_count: 4, read_count: 0, read_byte: 0 Bytes}}}","Disk":0,"Memory":0,"Plans":[{"Node Id":"TableFullScan","Plan Rows":12,"Actual Rows":12,"Task":"cop[tikv]","Total Time":1000000,"Max Time":1000000,"Access Object":"","Operation Info":"table:store, keep order:false","Execution Info":"tikv_task:{time:1ms, loops:1}","Disk":0,"Memory":0,"Plans":[]}]}]},{"Node Id":"TableReader","Plan Rows":5743542.852663192,"Actual Rows":2653171,"Task":"root","Total Time":5502580567,"Max Time":5502580567,"Access Object":"","Operation Info":"data:Selection_566","Execution Info":"time:5.5s, loops:2816, cop_task: {num: 7, max: 1.68s, min: 123.3ms, avg: 978.2ms, p95: 1.68s, max_proc_keys: 538629, p95_proc_keys: 538629, tot_proc: 5.6s, tot_wait: 267ms, rpc_num: 8, rpc_time: 6.85s, copr_cache_hit_ratio: 0.00}","Disk":0,"Memory":23767080,"Plans":[{"Node Id":"Selection","Plan Rows":5743542.852663192,"Actual Rows":2653171,"Task":"cop[tikv]","Total Time":3592000000,"Max Time":823000000,"Access Object":"","Operation Info":"not(isnull(tpcds1.store_sales.ss_hdemo_sk)), not(isnull(tpcds1.store_sales.ss_sold_time_sk)), not(isnull(tpcds1.store_sales.ss_store_sk))","Execution Info":"tikv_task:{proc max:823ms, min:0s, p80:816ms, p95:823ms, iters:2843, tasks:7}, scan_detail: {total_process_keys: 2880404, total_process_keys_size: 564654700, total_keys: 2880411, rocksdb: {delete_skipped_count: 0, key_skipped_count: 2880404, block: {cache_hit_count: 7744, read_count: 1498, read_byte: 24.3 MB}}}","Disk":0,"Memory":0,"Plans":[{"Node Id":"TableFullScan","Plan Rows":5760808,"Actual Rows":2880404,"Task":"cop[tikv]","Total Time":3286000000,"Max Time":766000000,"Access Object":"","Operation Info":"table:store_sales, keep order:false","Execution Info":"tikv_task:{proc max:766ms, min:0s, p80:742ms, p95:766ms, iters:2843, tasks:7}","Disk":0,"Memory":0,"Plans":[]}]}]}]},{"Node Id":"TableReader","Plan Rows":0.0009966687003713692,"Actual Rows":8576,"Task":"root","Total Time":6657759251,"Max Time":776177587,"Access Object":"","Operation Info":"data:Selection_540","Execution Info":"time:6.66s, loops:50, cop_task: {num: 25, max: 702.7ms, min: 27.2ms, avg: 247.6ms, p95: 576.9ms, max_proc_keys: 2004, p95_proc_keys: 2003, tot_proc: 3.7s, tot_wait: 1.15s, rpc_num: 49, rpc_time: 12.3s, copr_cache_hit_ratio: 0.00}","Disk":0,"Memory":0,"Plans":[{"Node Id":"Selection","Plan Rows":0.0009966687003713692,"Actual Rows":8576,"Task":"cop[tikv]","Total Time":320000000,"Max Time":26000000,"Access Object":"","Operation Info":"or(and(eq(tpcds1.household_demographics.hd_dep_count, 3), le(tpcds1.household_demographics.hd_vehicle_count, 5)), or(and(eq(tpcds1.household_demographics.hd_dep_count, 0), le(tpcds1.household_demographics.hd_vehicle_count, 2)), and(eq(tpcds1.household_demographics.hd_dep_count, 1), le(tpcds1.household_demographics.hd_vehicle_count, 3))))","Execution Info":"tikv_task:{proc max:26ms, min:1ms, p80:20ms, p95:25ms, iters:124, tasks:25}, scan_detail: {total_process_keys: 34587, total_process_keys_size: 1919551, total_keys: 41093, rocksdb: {delete_skipped_count: 0, key_skipped_count: 15470, block: {cache_hit_count: 32371, read_count: 0, read_byte: 0 Bytes}}}","Disk":0,"Memory":0,"Plans":[{"Node Id":"TableRangeScan","Plan Rows":1,"Actual Rows":34587,"Task":"cop[tikv]","Total Time":315000000,"Max Time":25000000,"Access Object":"","Operation Info":"table:household_demographics, range: decided by [tpcds1.store_sales.ss_hdemo_sk], keep order:false","Execution Info":"tikv_task:{proc max:25ms, min:1ms, p80:20ms, p95:25ms, iters:124, tasks:25}","Disk":0,"Memory":0,"Plans":[]}]}]}]},{"Node Id":"TableReader","Plan Rows":0.0003333333333333333,"Actual Rows":361,"Task":"root","Total Time":1992524078,"Max Time":693526049,"Access Object":"","Operation Info":"data:Selection_527","Execution Info":"time:1.99s, loops:23, cop_task: {num: 12, max: 692.6ms, min: 31.8ms, avg: 144ms, p95: 692.6ms, max_proc_keys: 2257, p95_proc_keys: 2257, tot_proc: 599ms, tot_wait: 614ms, rpc_num: 23, rpc_time: 3.42s, copr_cache_hit_ratio: 0.00}","Disk":0,"Memory":0,"Plans":[{"Node Id":"Selection","Plan Rows":0.0003333333333333333,"Actual Rows":361,"Task":"cop[tikv]","Total Time":95000000,"Max Time":24000000,"Access Object":"","Operation Info":"eq(tpcds1.time_dim.t_hour, 11), ge(tpcds1.time_dim.t_minute, 30)","Execution Info":"tikv_task:{proc max:24ms, min:0s, p80:17ms, p95:24ms, iters:46, tasks:12}, scan_detail: {total_process_keys: 9686, total_process_keys_size: 981314, total_keys: 10095, rocksdb: {delete_skipped_count: 0, key_skipped_count: 840, block: {cache_hit_count: 10345, read_count: 12, read_byte: 43.8 KB}}}","Disk":0,"Memory":0,"Plans":[{"Node Id":"TableRangeScan","Plan Rows":1,"Actual Rows":9686,"Task":"cop[tikv]","Total Time":95000000,"Max Time":24000000,"Access Object":"","Operation Info":"table:time_dim, range: decided by [tpcds1.store_sales.ss_sold_time_sk], keep order:false","Execution Info":"tikv_task:{proc max:24ms, min:0s, p80:17ms, p95:24ms, iters:46, tasks:12}","Disk":0,"Memory":0,"Plans":[]}]}]}]}]}]}]}]}]},
      "sql": "select  *\nfrom\n (select count(*) h8_30_to_9\n from store_sales, household_demographics , time_dim, store\n where ss_sold_time_sk = time_dim.t_time_sk   \n     and ss_hdemo_sk = household_demographics.hd_demo_sk \n     and ss_store_sk = s_store_sk\n     and time_dim.t_hour = 8\n     and time_dim.t_minute >= 30\n     and ((household_demographics.hd_dep_count = 3 and household_demographics.hd_vehicle_count<=3+2) or\n          (household_demographics.hd_dep_count = 0 and household_demographics.hd_vehicle_count<=0+2) or\n          (household_demographics.hd_dep_count = 1 and household_demographics.hd_vehicle_count<=1+2)) \n     and store.s_store_name = 'ese') s1,\n (select count(*) h9_to_9_30 \n from store_sales, household_demographics , time_dim, store\n where ss_sold_time_sk = time_dim.t_time_sk\n     and ss_hdemo_sk = household_demographics.hd_demo_sk\n     and ss_store_sk = s_store_sk \n     and time_dim.t_hour = 9 \n     and time_dim.t_minute < 30\n     and ((household_demographics.hd_dep_count = 3 and household_demographics.hd_vehicle_count<=3+2) or\n          (household_demographics.hd_dep_count = 0 and household_demographics.hd_vehicle_count<=0+2) or\n          (household_demographics.hd_dep_count = 1 and household_demographics.hd_vehicle_count<=1+2))\n     and store.s_store_name = 'ese') s2,\n (select count(*) h9_30_to_10 \n from store_sales, household_demographics , time_dim, store\n where ss_sold_time_sk = time_dim.t_time_sk\n     and ss_hdemo_sk = household_demographics.hd_demo_sk\n     and ss_store_sk = s_store_sk\n     and time_dim.t_hour = 9\n     and time_dim.t_minute >= 30\n     and ((household_demographics.hd_dep_count = 3 and household_demographics.hd_vehicle_count<=3+2) or\n          (household_demographics.hd_dep_count = 0 and household_demographics.hd_vehicle_count<=0+2) or\n          (household_demographics.hd_dep_count = 1 and household_demographics.hd_vehicle_count<=1+2))\n     and store.s_store_name = 'ese') s3,\n (select count(*) h10_to_10_30\n from store_sales, household_demographics , time_dim, store\n where ss_sold_time_sk = time_dim.t_time_sk\n     and ss_hdemo_sk = household_demographics.hd_demo_sk\n     and ss_store_sk = s_store_sk\n     and time_dim.t_hour = 10 \n     and time_dim.t_minute < 30\n     and ((household_demographics.hd_dep_count = 3 and household_demographics.hd_vehicle_count<=3+2) or\n          (household_demographics.hd_dep_count = 0 and household_demographics.hd_vehicle_count<=0+2) or\n          (household_demographics.hd_dep_count = 1 and household_demographics.hd_vehicle_count<=1+2))\n     and store.s_store_name = 'ese') s4,\n (select count(*) h10_30_to_11\n from store_sales, household_demographics , time_dim, store\n where ss_sold_time_sk = time_dim.t_time_sk\n     and ss_hdemo_sk = household_demographics.hd_demo_sk\n     and ss_store_sk = s_store_sk\n     and time_dim.t_hour = 10 \n     and time_dim.t_minute >= 30\n     and ((household_demographics.hd_dep_count = 3 and household_demographics.hd_vehicle_count<=3+2) or\n          (household_demographics.hd_dep_count = 0 and household_demographics.hd_vehicle_count<=0+2) or\n          (household_demographics.hd_dep_count = 1 and household_demographics.hd_vehicle_count<=1+2))\n     and store.s_store_name = 'ese') s5,\n (select count(*) h11_to_11_30\n from store_sales, household_demographics , time_dim, store\n where ss_sold_time_sk = time_dim.t_time_sk\n     and ss_hdemo_sk = household_demographics.hd_demo_sk\n     and ss_store_sk = s_store_sk \n     and time_dim.t_hour = 11\n     and time_dim.t_minute < 30\n     and ((household_demographics.hd_dep_count = 3 and household_demographics.hd_vehicle_count<=3+2) or\n          (household_demographics.hd_dep_count = 0 and household_demographics.hd_vehicle_count<=0+2) or\n          (household_demographics.hd_dep_count = 1 and household_demographics.hd_vehicle_count<=1+2))\n     and store.s_store_name = 'ese') s6,\n (select count(*) h11_30_to_12\n from store_sales, household_demographics , time_dim, store\n where ss_sold_time_sk = time_dim.t_time_sk\n     and ss_hdemo_sk = household_demographics.hd_demo_sk\n     and ss_store_sk = s_store_sk\n     and time_\"(len:5133);"
    },
    {
      "plan": {"Node Id":"StreamAgg","Plan Rows": 1,"Actual Rows":1,"Task":"root","Total Time":4028992326,"Max Time":4028992326,"Access Object":"","Operation Info":"funcs:sum(Column#20)-\u003eColumn#18","Execution Info":"time:4.03s, loops:2","Disk":0,"Memory":1476,"Plans":[{"Node Id":"TableReader","Plan Rows":1,"Actual Rows":9,"Task":"root","Total Time":4028977496,"Max Time":4028977496,"Access Object":"","Operation Info":"data:StreamAgg_9","Execution Info":"time:4.03s, loops:2, cop_task: {num: 9, max: 4.02s, min: 662.5ms, avg: 2.65s, p95: 4.02s, max_proc_keys: 512775, p95_proc_keys: 512775, tot_proc: 23.7s, tot_wait: 90ms, rpc_num: 9, rpc_time: 23.9s, copr_cache_hit_ratio: 0.00}","Disk":0,"Memory":413,"Plans":[{"Node Id":"StreamAgg","Plan Rows":1,"Actual Rows":9,"Task":"cop[tikv]","Total Time":4285000000,"Max Time":621000000,"Access Object":"","Operation Info":"funcs:sum(mul(new0107.lineitem.l_extendedprice, new0107.lineitem.l_discount))-\u003eColumn#20","Execution Info":"tikv_task:{proc max:621ms, min:352ms, p80:513ms, p95:621ms, iters:3923, tasks:9}, scan_detail: {total_process_keys: 4009984, total_process_keys_size: 787655655, total_keys: 4009993, rocksdb: {delete_skipped_count: 0, key_skipped_count: 4009984, block: {cache_hit_count: 12898, read_count: 0, read_byte: 0 Bytes}}}","Disk":0,"Memory":0,"Plans":[{"Node Id":"Selection","Plan Rows":832.9070933333335,"Actual Rows":76412,"Task":"cop[tikv]","Total Time":4185000000,"Max Time":603000000,"Access Object":"","Operation Info":"ge(new0107.lineitem.l_discount, 0.05), ge(new0107.lineitem.l_shipdate, 1994-01-01 00:00:00.000000), le(new0107.lineitem.l_discount, 0.07), lt(new0107.lineitem.l_quantity, 24), lt(new0107.lineitem.l_shipdate, 1995-01-01 00:00:00.000000)","Execution Info":"tikv_task:{proc max:603ms, min:346ms, p80:500ms, p95:603ms, iters:3923, tasks:9}","Disk":0,"Memory":0,"Plans":[{"Node Id":"TableFullScan","Plan Rows":4009984,"Actual Rows":4009984,"Task":"cop[tikv]","Total Time":3737000000,"Max Time":553000000,"Access Object":"","Operation Info":"table:lineitem, keep order:false","Execution Info":"tikv_task:{proc max:553ms, min:310ms, p80:450ms, p95:553ms, iters:3923, tasks:9}","Disk":0,"Memory":0,"Plans":[]}]}]}]}]},
      "sql": "select  sum(l_extendedprice * l_discount) as revenue from  lineitem where  l_shipdate >= '1994-01-01'  and l_shipdate < date_add('1994-01-01', interval '1' year)  and l_discount between 0.06 - 0.01 and 0.06 + 0.01  and l_quantity < 24;"
    },
    {
      "plan": {"Node Id":"Sort","Plan Rows":1,"Actual Rows":4,"Task":"root","Total Time":4092692505,"Max Time":4092692505,"Access Object":"","Operation Info":"new0107.lineitem.l_returnflag, new0107.lineitem.l_linestatus","Execution Info":"time:4.09s, loops:2","Disk":0,"Memory":34872,"Plans":[{"Node Id":"Projection","Plan Rows":1,"Actual Rows":4,"Task":"root","Total Time":4092599807,"Max Time":4092599807,"Access Object":"","Operation Info":"new0107.lineitem.l_returnflag, new0107.lineitem.l_linestatus, Column#18, Column#19, Column#20, Column#21, Column#22, Column#23, Column#24, Column#25","Execution Info":"time:4.09s, loops:4, Concurrency:OFF","Disk":0,"Memory":11624,"Plans":[{"Node Id":"HashAgg","Plan Rows":1,"Actual Rows":4,"Task":"root","Total Time":4092576759,"Max Time":4092576759,"Access Object":"","Operation Info":"group by:new0107.lineitem.l_linestatus, new0107.lineitem.l_returnflag, funcs:sum(Column#26)-\u003eColumn#18, funcs:sum(Column#27)-\u003eColumn#19, funcs:sum(Column#28)-\u003eColumn#20, funcs:sum(Column#29)-\u003eColumn#21, funcs:avg(Column#30, Column#31)-\u003eColumn#22, funcs:avg(Column#32, Column#33)-\u003eColumn#23, funcs:avg(Column#34, Column#35)-\u003eColumn#24, funcs:count(Column#36)-\u003eColumn#25, funcs:firstrow(new0107.lineitem.l_returnflag)-\u003enew0107.lineitem.l_returnflag, funcs:firstrow(new0107.lineitem.l_linestatus)-\u003enew0107.lineitem.l_linestatus","Execution Info":"time:4.09s, loops:4, partial_worker:{wall_time:4.092509477s, concurrency:5, task_num:1, tot_wait:20.459952068s, tot_exec:132.617µs, tot_time:20.460097424s, max:4.092462244s, p95:4.092462244s}, final_worker:{wall_time:4.092587258s, concurrency:5, task_num:3, tot_wait:20.458775599s, tot_exec:179.301µs, tot_time:20.458959407s, max:4.091827564s, p95:4.091827564s}","Disk":0,"Memory":136884,"Plans":[{"Node Id":"TableReader","Plan Rows":1,"Actual Rows":36,"Task":"root","Total Time":4092066598,"Max Time":4092066598,"Access Object":"","Operation Info":"data:HashAgg_9","Execution Info":"time:4.09s, loops:2, cop_task: {num: 9, max: 4.09s, min: 1.46s, avg: 2.55s, p95: 4.09s, max_proc_keys: 512775, p95_proc_keys: 512775, tot_proc: 22.8s, tot_wait: 91ms, rpc_num: 9, rpc_time: 23s, copr_cache_hit_ratio: 0.00}","Disk":0,"Memory":3204,"Plans":[{"Node Id":"HashAgg","Plan Rows":1,"Actual Rows":36,"Task":"cop[tikv]","Total Time":10706000000,"Max Time":1409000000,"Access Object":"","Operation Info":"group by:new0107.lineitem.l_linestatus, new0107.lineitem.l_returnflag, funcs:sum(new0107.lineitem.l_quantity)-\u003eColumn#26, funcs:sum(new0107.lineitem.l_extendedprice)-\u003eColumn#27, funcs:sum(mul(new0107.lineitem.l_extendedprice, minus(1, new0107.lineitem.l_discount)))-\u003eColumn#28, funcs:sum(mul(mul(new0107.lineitem.l_extendedprice, minus(1, new0107.lineitem.l_discount)), plus(1, new0107.lineitem.l_tax)))-\u003eColumn#29, funcs:count(new0107.lineitem.l_quantity)-\u003eColumn#30, funcs:sum(new0107.lineitem.l_quantity)-\u003eColumn#31, funcs:count(new0107.lineitem.l_extendedprice)-\u003eColumn#32, funcs:sum(new0107.lineitem.l_extendedprice)-\u003eColumn#33, funcs:count(new0107.lineitem.l_discount)-\u003eColumn#34, funcs:sum(new0107.lineitem.l_discount)-\u003eColumn#35, funcs:count(1)-\u003eColumn#36","Execution Info":"tikv_task:{proc max:1.41s, min:649ms, p80:1.33s, p95:1.41s, iters:3923, tasks:9}, scan_detail: {total_process_keys: 4009984, total_process_keys_size: 787655655, total_keys: 4009993, rocksdb: {delete_skipped_count: 0, key_skipped_count: 4009984, block: {cache_hit_count: 12898, read_count: 0, read_byte: 0 Bytes}}}","Disk":0,"Memory":0,"Plans":[{"Node Id":"Selection","Plan Rows":1332651.3493333333,"Actual Rows":3928532,"Task":"cop[tikv]","Total Time":4744000000,"Max Time":663000000,"Access Object":"","Operation Info":"le(new0107.lineitem.l_shipdate, 1998-08-15 00:00:00.000000)","Execution Info":"tikv_task:{proc max:663ms, min:265ms, p80:603ms, p95:663ms, iters:3923, tasks:9}","Disk":0,"Memory":0,"Plans":[{"Node Id":"TableFullScan","Plan Rows":4009984,"Actual Rows":4009984,"Task":"cop[tikv]","Total Time":4545000000,"Max Time":642000000,"Access Object":"","Operation Info":"table:lineitem, keep order:false","Execution Info":"tikv_task:{proc max:642ms, min:256ms, p80:578ms, p95:642ms, iters:3923, tasks:9}","Disk":0,"Memory":0,"Plans":[]}]}]}]}]}]}]},
      "sql": "select  l_returnflag,  l_linestatus,  sum(l_quantity) as sum_qty,  sum(l_extendedprice) as sum_base_price,  sum(l_extendedprice * (1 - l_discount)) as sum_disc_price,  sum(l_extendedprice * (1 - l_discount) * (1 + l_tax)) as sum_charge,  avg(l_quantity) as avg_qty,  avg(l_extendedprice) as avg_price,  avg(l_discount) as avg_disc,  count(*) as count_order from  lineitem where  l_shipdate <= date_sub('1998-12-01', interval 108 day) group by  l_returnflag,  l_linestatus order by  l_returnflag,  l_linestatus;"
    },
    {
      "plan": {"Node Id":"Sort","Plan Rows":149568,"Actual Rows":33,"Task":"root","Total Time":9671244181,"Max Time":9671244181,"Access Object":"","Operation Info":"Column#19:desc, Column#18:desc","Execution Info":"time:9.67s, loops:2","Disk":0,"Memory":3720,"Plans":[{"Node Id":"Projection","Plan Rows":149568,"Actual Rows":33,"Task":"root","Total Time":9671115825,"Max Time":9671115825,"Access Object":"","Operation Info":"Column#18, Column#19","Execution Info":"time:9.67s, loops:6, Concurrency:5","Disk":0,"Memory":7440,"Plans":[{"Node Id":"HashAgg","Plan Rows":149568,"Actual Rows":33,"Task":"root","Total Time":9670149788,"Max Time":9670149788,"Access Object":"","Operation Info":"group by:Column#18, funcs:count(1)-\u003eColumn#19, funcs:firstrow(Column#18)-\u003eColumn#18","Execution Info":"time:9.67s, loops:6, partial_worker:{wall_time:9.557767808s, concurrency:5, task_num:150, tot_wait:47.370525047s, tot_exec:309.489124ms, tot_time:47.68020111s, max:9.554775561s, p95:9.554775561s}, final_worker:{wall_time:9.665320241s, concurrency:5, task_num:25, tot_wait:48.217308496s, tot_exec:362.122µs, tot_time:48.217679317s, max:9.665037484s, p95:9.665037484s}","Disk":0,"Memory":229368,"Plans":[{"Node Id":"HashAgg","Plan Rows":149568,"Actual Rows":150000,"Task":"root","Total Time":9523258893,"Max Time":9523258893,"Access Object":"","Operation Info":"group by:new0107.customer.c_custkey, funcs:count(new0107.orders.o_orderkey)-\u003eColumn#18","Execution Info":"time:9.52s, loops:151, partial_worker:{wall_time:8.348409138s, concurrency:5, task_num:1020, tot_wait:37.710194386s, tot_exec:2.788373696s, tot_time:40.992582893s, max:8.327582341s, p95:8.327582341s}, final_worker:{wall_time:9.523461057s, concurrency:5, task_num:25, tot_wait:40.819540284s, tot_exec:5.669933817s, tot_time:46.489498279s, max:9.523256627s, p95:9.523256627s}","Disk":0,"Memory":59662935,"Plans":[{"Node Id":"HashJoin","Plan Rows":878254.1720154043,"Actual Rows":1040728,"Task":"root","Total Time":7950618124,"Max Time":7950618124,"Access Object":"","Operation Info":"left outer join, equal:[eq(new0107.customer.c_custkey, new0107.orders.o_custkey)]","Execution Info":"time:7.95s, loops:1021, build_hash_table:{total:4.77s, fetch:4.69s, build:79.5ms}, probe:{concurrency:5, total:39.5s, max:7.9s, probe:10.3s, fetch:29.2s}","Disk":0,"Memory":1262960,"Plans":[{"Node Id":"TableReader","Plan Rows":150000,"Actual Rows":150000,"Task":"root","Total Time":4671406573,"Max Time":4671406573,"Access Object":"","Operation Info":"data:TableFullScan_17","Execution Info":"time:4.67s, loops:148, cop_task: {num: 1, max: 4.67s, proc_keys: 150000, tot_proc: 4.66s, tot_wait: 4ms, rpc_num: 1, rpc_time: 4.67s, copr_cache_hit_ratio: 0.00}","Disk":0,"Memory":1202338,"Plans":[{"Node Id":"TableFullScan","Plan Rows":150000,"Actual Rows":150000,"Task":"cop[tikv]","Total Time":89000000,"Max Time":89000000,"Access Object":"","Operation Info":"table:customer, keep order:false","Execution Info":"tikv_task:{time:89ms, loops:151}, scan_detail: {total_process_keys: 150000, total_process_keys_size: 4050000, total_keys: 150001, rocksdb: {delete_skipped_count: 0, key_skipped_count: 150000, block: {cache_hit_count: 502, read_count: 0, read_byte: 0 Bytes}}}","Disk":0,"Memory":0,"Plans":[]}]},{"Node Id":"TableReader","Plan Rows":875724.8,"Actual Rows":990658,"Task":"root","Total Time":5337188434,"Max Time":5337188434,"Access Object":"","Operation Info":"data:Selection_20","Execution Info":"time:5.34s, loops:980, cop_task: {num: 2, max: 6.32s, min: 4.35s, avg: 5.34s, p95: 6.32s, max_proc_keys: 583494, p95_proc_keys: 583494, tot_proc: 10.2s, tot_wait: 76ms, rpc_num: 2, rpc_time: 10.7s, copr_cache_hit_ratio: 0.00}","Disk":0,"Memory":71780726,"Plans":[{"Node Id":"Selection","Plan Rows":875724.8,"Actual Rows":990658,"Task":"cop[tikv]","Total Time":1697000000,"Max Time":1066000000,"Access Object":"","Operation Info":"not(like(new0107.orders.o_comment, \"%pending%deposits%\", 92))","Execution Info":"tikv_task:{proc max:1.07s, min:631ms, p80:1.07s, p95:1.07s, iters:987, tasks:2}, scan_detail: {total_process_keys: 1001472, total_process_keys_size: 151717700, total_keys: 1001474, rocksdb: {delete_skipped_count: 0, key_skipped_count: 1001472, block: {cache_hit_count: 2529, read_count: 0, read_byte: 0 Bytes}}}","Disk":0,"Memory":0,"Plans":[{"Node Id":"TableFullScan","Plan Rows":1094656,"Actual Rows":1001472,"Task":"cop[tikv]","Total Time":1029000000,"Max Time":657000000,"Access Object":"","Operation Info":"table:orders, keep order:false","Execution Info":"tikv_task:{proc max:657ms, min:372ms, p80:657ms, p95:657ms, iters:987, tasks:2}","Disk":0,"Memory":0,"Plans":[]}]}]}]}]}]}]}]},
      "sql": "select  c_count,  count(*) as custdist from  (   select    c_custkey,    count(o_orderkey) as c_count   from    customer left outer join orders on     c_custkey = o_custkey     and o_comment not like '%pending%deposits%'   group by    c_custkey  ) c_orders group by  c_count order by  custdist desc,  c_count desc;"
    },
    {
      "plan": {"Node Id":"Projection","Plan Rows":20,"Actual Rows":20,"Task":"root","Total Time":12432901425,"Max Time":12432901425,"Access Object":"","Operation Info":"new0107.customer.c_custkey, new0107.customer.c_name, Column#39, new0107.customer.c_acctbal, new0107.nation.n_name, new0107.customer.c_address, new0107.customer.c_phone, new0107.customer.c_comment","Execution Info":"time:12.4s, loops:2, Concurrency:OFF","Disk":0,"Memory":9184,"Plans":[{"Node Id":"TopN","Plan Rows":20,"Actual Rows":20,"Task":"root","Total Time":12432821358,"Max Time":12432821358,"Access Object":"","Operation Info":"Column#39:desc, offset:0, count:20","Execution Info":"time:12.4s, loops:2","Disk":0,"Memory":332280,"Plans":[{"Node Id":"HashAgg","Plan Rows":4091.8732102300773,"Actual Rows":27560,"Task":"root","Total Time":12358853305,"Max Time":12358853305,"Access Object":"","Operation Info":"group by:Column#53, Column#54, Column#55, Column#56, Column#57, Column#58, Column#59, funcs:sum(Column#45)-\u003eColumn#39, funcs:firstrow(Column#46)-\u003enew0107.customer.c_custkey, funcs:firstrow(Column#47)-\u003enew0107.customer.c_name, funcs:firstrow(Column#48)-\u003enew0107.customer.c_address, funcs:firstrow(Column#49)-\u003enew0107.customer.c_phone, funcs:firstrow(Column#50)-\u003enew0107.customer.c_acctbal, funcs:firstrow(Column#51)-\u003enew0107.customer.c_comment, funcs:firstrow(Column#52)-\u003enew0107.nation.n_name","Execution Info":"time:12.4s, loops:31, partial_worker:{wall_time:11.944525133s, concurrency:5, task_num:78, tot_wait:57.951444954s, tot_exec:1.318075171s, tot_time:59.299784734s, max:11.903643747s, p95:11.903643747s}, final_worker:{wall_time:12.433055596s, concurrency:5, task_num:25, tot_wait:59.382433912s, tot_exec:2.130183647s, tot_time:1m1.512639058s, max:12.429463134s, p95:12.429463134s}","Disk":0,"Memory":39844271,"Plans":[{"Node Id":"Projection","Plan Rows":4091.8732102300773,"Actual Rows":76675,"Task":"root","Total Time":11817942115,"Max Time":11817942115,"Access Object":"","Operation Info":"mul(new0107.lineitem.l_extendedprice, minus(1, new0107.lineitem.l_discount))-\u003eColumn#45, new0107.customer.c_custkey, new0107.customer.c_name, new0107.customer.c_address, new0107.customer.c_phone, new0107.customer.c_acctbal, new0107.customer.c_comment, new0107.nation.n_name, new0107.customer.c_custkey, new0107.customer.c_name, new0107.customer.c_acctbal, new0107.customer.c_phone, new0107.nation.n_name, new0107.customer.c_address, new0107.customer.c_comment","Execution Info":"time:11.8s, loops:79, Concurrency:5","Disk":0,"Memory":4707384,"Plans":[{"Node Id":"Projection","Plan Rows":4091.8732102300773,"Actual Rows":76675,"Task":"root","Total Time":11066596169,"Max Time":11066596169,"Access Object":"","Operation Info":"new0107.customer.c_custkey, new0107.customer.c_name, new0107.customer.c_address, new0107.customer.c_phone, new0107.customer.c_acctbal, new0107.customer.c_comment, new0107.lineitem.l_extendedprice, new0107.lineitem.l_discount, new0107.nation.n_name","Execution Info":"time:11.1s, loops:79, Concurrency:5","Disk":0,"Memory":3480336,"Plans":[{"Node Id":"HashJoin","Plan Rows":4091.8732102300773,"Actual Rows":76675,"Task":"root","Total Time":11020023121,"Max Time":11020023121,"Access Object":"","Operation Info":"inner join, equal:[eq(new0107.orders.o_orderkey, new0107.lineitem.l_orderkey)]","Execution Info":"time:11s, loops:79, build_hash_table:{total:10.6s, fetch:9.19s, build:1.42s}, probe:{concurrency:5, total:58.6s, max:11.8s, probe:5.37s, fetch:53.2s}","Disk":0,"Memory":135284944,"Plans":[{"Node Id":"HashJoin","Plan Rows":27445.442875481385,"Actual Rows":38190,"Task":"root","Total Time":7658392148,"Max Time":7658392148,"Access Object":"","Operation Info":"inner join, equal:[eq(new0107.customer.c_custkey, new0107.orders.o_custkey)]","Execution Info":"time:7.66s, loops:41, build_hash_table:{total:7.47s, fetch:7.43s, build:35.2ms}, probe:{concurrency:5, total:58.1s, max:11.7s, probe:19.2s, fetch:38.9s}","Disk":0,"Memory":1183200,"Plans":[{"Node Id":"HashJoin","Plan Rows":150000,"Actual Rows":150000,"Task":"root","Total Time":4136901244,"Max Time":4136901244,"Access Object":"","Operation Info":"inner join, equal:[eq(new0107.nation.n_nationkey, new0107.customer.c_nationkey)]","Execution Info":"time:4.14s, loops:148, build_hash_table:{total:461.3µs, fetch:442.8µs, build:18.5µs}, probe:{concurrency:5, total:58s, max:11.6s, probe:40.3s, fetch:17.8s}","Disk":0,"Memory":25056,"Plans":[{"Node Id":"TableReader","Plan Rows":25,"Actual Rows":25,"Task":"root","Total Time":70716,"Max Time":70716,"Access Object":"","Operation Info":"data:TableFullScan_60","Execution Info":"time:70.7µs, loops:2, cop_task: {num: 1, max: 12.7ms, proc_keys: 25, rpc_num: 1, rpc_time: 5.41ms, copr_cache_hit_ratio: 0.00}","Disk":0,"Memory":794,"Plans":[{"Node Id":"TableFullScan","Plan Rows":25,"Actual Rows":25,"Task":"cop[tikv]","Total Time":0,"Max Time":0,"Access Object":"","Operation Info":"table:nation, keep order:false, stats:pseudo","Execution Info":"tikv_task:{time:0s, loops:1}, scan_detail: {total_process_keys: 25, total_process_keys_size: 3109, total_keys: 26, rocksdb: {delete_skipped_count: 0, key_skipped_count: 25, block: {cache_hit_count: 4, read_count: 0, read_byte: 0 Bytes}}}","Disk":0,"Memory":0,"Plans":[]}]},{"Node Id":"TableReader","Plan Rows":150000,"Actual Rows":150000,"Task":"root","Total Time":3573045607,"Max Time":3573045607,"Access Object":"","Operation Info":"data:TableFullScan_58","Execution Info":"time:3.57s, loops:148, cop_task: {num: 1, max: 3.55s, proc_keys: 150000, tot_proc: 3.45s, tot_wait: 2ms, rpc_num: 1, rpc_time: 3.55s, copr_cache_hit_ratio: 0.00}","Disk":0,"Memory":32798874,"Plans":[{"Node Id":"TableFullScan","Plan Rows":150000,"Actual Rows":150000,"Task":"cop[tikv]","Total Time":159000000,"Max Time":159000000,"Access Object":"","Operation Info":"table:customer, keep order:false","Execution Info":"tikv_task:{time:159ms, loops:151}, scan_detail: {total_process_keys: 150000, total_process_keys_size: 30533765, total_keys: 150001, rocksdb: {delete_skipped_count: 0, key_skipped_count: 150000, block: {cache_hit_count: 502, read_count: 0, read_byte: 0 Bytes}}}","Disk":0,"Memory":0,"Plans":[]}]}]},{"Node Id":"TableReader","Plan Rows":27366.4,"Actual Rows":38190,"Task":"root","Total Time":7432218482,"Max Time":7432218482,"Access Object":"","Operation Info":"data:Selection_63","Execution Info":"time:7.43s, loops:39, cop_task: {num: 2, max: 7.46s, min: 4.58s, avg: 6.02s, p95: 7.46s, max_proc_keys: 583494, p95_proc_keys: 583494, tot_proc: 11.8s, tot_wait: 20ms, rpc_num: 2, rpc_time: 12s, copr_cache_hit_ratio: 0.00}","Disk":0,"Memory":946412,"Plans":[{"Node Id":"Selection","Plan Rows":27366.4,"Actual Rows":38190,"Task":"cop[tikv]","Total Time":1112000000,"Max Time":769000000,"Access Object":"","Operation Info":"ge(new0107.orders.o_orderdate, 1993-08-01 00:00:00.000000), lt(new0107.orders.o_orderdate, 1993-11-01 00:00:00.000000)","Execution Info":"tikv_task:{proc max:769ms, min:343ms, p80:769ms, p95:769ms, iters:987, tasks:2}, scan_detail: {total_process_keys: 1001472, total_process_keys_size: 151717700, total_keys: 1001474, rocksdb: {delete_skipped_count: 0, key_skipped_count: 1001472, block: {cache_hit_count: 2529, read_count: 0, read_byte: 0 Bytes}}}","Disk":0,"Memory":0,"Plans":[{"Node Id":"TableFullScan","Plan Rows":1094656,"Actual Rows":1001472,"Task":"cop[tikv]","Total Time":1060000000,"Max Time":740000000,"Access Object":"","Operation Info":"table:orders, keep order:false","Execution Info":"tikv_task:{proc max:740ms, min:320ms, p80:740ms, p95:740ms, iters:987, tasks:2}","Disk":0,"Memory":0,"Plans":[]}]}]}]},{"Node Id":"TableReader","Plan Rows":4009.984,"Actual Rows":988138,"Task":"root","Total Time":8605701623,"Max Time":8605701623,"Access Object":"","Operation Info":"data:Selection_66","Execution Info":"time:8.61s, loops:963, cop_task: {num: 9, max: 9.46s, min: 4.74s, avg: 7.89s, p95: 9.46s, max_proc_keys: 512775, p95_proc_keys: 512775, tot_proc: 1m8.9s, tot_wait: 374ms, rpc_num: 9, rpc_time: 1m11s, copr_cache_hit_ratio: 0.00}","Disk":0,"Memory":45586894,"Plans":[{"Node Id":"Selection","Plan Rows":4009.984,"Actual Rows":988138,"Task":"cop[tikv]","Total Time":4543000000,"Max Time":711000000,"Access Object":"","Operation Info":"eq(new0107.lineitem.l_returnflag, \"R\")","Execution Info":"tikv_task:{proc max:711ms, min:282ms, p80:594ms, p95:711ms, iters:3959, tasks:9}, scan_detail: {total_process_keys: 4009984, total_process_keys_size: 787655655, total_keys: 4009993, rocksdb: {delete_skipped_count: 0, key_skipped_count: 4009984, block: {cache_hit_count: 12898, read_count: 0, read_byte: 0 Bytes}}}","Disk":0,"Memory":0,"Plans":[{"Node Id":"TableFullScan","Plan Rows":4009984,"Actual Rows":4009984,"Task":"cop[tikv]","Total Time":4133000000,"Max Time":665000000,"Access Object":"","Operation Info":"table:lineitem, keep order:false","Execution Info":"tikv_task:{proc max:665ms, min:239ms, p80:541ms, p95:665ms, iters:3959, tasks:9}","Disk":0,"Memory":0,"Plans":[]}]}]}]}]}]}]}]}]},
      "sql": "select  c_custkey,  c_name,  sum(l_extendedprice * (1 - l_discount)) as revenue,  c_acctbal,  n_name,  c_address,  c_phone,  c_comment from  customer,  orders,  lineitem,  nation where  c_custkey = o_custkey  and l_orderkey = o_orderkey  and o_orderdate >= '1993-08-01'  and o_orderdate < date_add('1993-08-01', interval '3' month)  and l_returnflag = 'R'  and c_nationkey = n_nationkey group by  c_custkey,  c_name,  c_acctbal,  c_phone,  n_name,  c_address,  c_comment order by  revenue desc limit 20;"
    },
    {
      "plan": {"Node Id":"Projection","Plan Rows":1,"Actual Rows":1,"Task":"root","Total Time":13552618382,"Max Time":13552618382,"Access Object":"","Operation Info":"div(mul(100.00, Column#27), Column#28)-\u003eColumn#29","Execution Info":"time:13.6s, loops:2, Concurrency:OFF","Disk":0,"Memory":2856,"Plans":[{"Node Id":"HashAgg","Plan Rows":1,"Actual Rows":1,"Task":"root","Total Time":13552561549,"Max Time":13552561549,"Access Object":"","Operation Info":"funcs:sum(Column#31)-\u003eColumn#27, funcs:sum(Column#32)-\u003eColumn#28","Execution Info":"time:13.6s, loops:2, partial_worker:{wall_time:13.552531173s, concurrency:5, task_num:54, tot_wait:1m7.743385728s, tot_exec:9.687793ms, tot_time:1m7.75311861s, max:13.550719413s, p95:13.550719413s}, final_worker:{wall_time:13.55273502s, concurrency:5, task_num:5, tot_wait:1m7.752872605s, tot_exec:37.182µs, tot_time:1m7.752914443s, max:13.550613075s, p95:13.550613075s}","Disk":0,"Memory":972200,"Plans":[{"Node Id":"Projection","Plan Rows":101796.91307879772,"Actual Rows":51967,"Task":"root","Total Time":13550393945,"Max Time":13550393945,"Access Object":"","Operation Info":"case(like(new0107.part.p_type, PROMO%, 92), mul(new0107.lineitem.l_extendedprice, minus(1, new0107.lineitem.l_discount)), 0)-\u003eColumn#31, mul(new0107.lineitem.l_extendedprice, minus(1, new0107.lineitem.l_discount))-\u003eColumn#32","Execution Info":"time:13.6s, loops:55, Concurrency:5","Disk":0,"Memory":1076296,"Plans":[{"Node Id":"IndexHashJoin","Plan Rows":101796.91307879772,"Actual Rows":51967,"Task":"root","Total Time":13545929525,"Max Time":13545929525,"Access Object":"","Operation Info":"inner join, inner:TableReader_12, outer key:new0107.lineitem.l_partkey, inner key:new0107.part.p_partkey, equal cond:eq(new0107.lineitem.l_partkey, new0107.part.p_partkey)","Execution Info":"time:13.5s, loops:55, inner:{total:31s, concurrency:5, task:10, construct:721.6ms, fetch:29.1s, build:351.8ms, join:1.26s}","Disk":0,"Memory":13697618,"Plans":[{"Node Id":"TableReader","Plan Rows":100249.6,"Actual Rows":51967,"Task":"root","Total Time":9059749952,"Max Time":9059749952,"Access Object":"","Operation Info":"data:Selection_23","Execution Info":"time:9.06s, loops:56, cop_task: {num: 9, max: 9.02s, min: 6.27s, avg: 7.66s, p95: 9.02s, max_proc_keys: 512775, p95_proc_keys: 512775, tot_proc: 1m6.3s, tot_wait: 452ms, rpc_num: 9, rpc_time: 1m8.9s, copr_cache_hit_ratio: 0.00}","Disk":0,"Memory":1258039,"Plans":[{"Node Id":"Selection","Plan Rows":100249.6,"Actual Rows":51967,"Task":"cop[tikv]","Total Time":4273000000,"Max Time":589000000,"Access Object":"","Operation Info":"ge(new0107.lineitem.l_shipdate, 1996-12-01 00:00:00.000000), lt(new0107.lineitem.l_shipdate, 1997-01-01 00:00:00.000000)","Execution Info":"tikv_task:{proc max:589ms, min:269ms, p80:517ms, p95:589ms, iters:3959, tasks:9}, scan_detail: {total_process_keys: 4009984, total_process_keys_size: 787655655, total_keys: 4009993, rocksdb: {delete_skipped_count: 0, key_skipped_count: 4009984, block: {cache_hit_count: 12898, read_count: 0, read_byte: 0 Bytes}}}","Disk":0,"Memory":0,"Plans":[{"Node Id":"TableFullScan","Plan Rows":4009984,"Actual Rows":4009984,"Task":"cop[tikv]","Total Time":4063000000,"Max Time":562000000,"Access Object":"","Operation Info":"table:lineitem, keep order:false","Execution Info":"tikv_task:{proc max:562ms, min:255ms, p80:494ms, p95:562ms, iters:3959, tasks:9}","Disk":0,"Memory":0,"Plans":[]}]}]},{"Node Id":"TableReader","Plan Rows":1,"Actual Rows":50236,"Task":"root","Total Time":28614530618,"Max Time":5681153995,"Access Object":"","Operation Info":"data:TableRangeScan_11","Execution Info":"time:28.6s, loops:66, cop_task: {num: 10, max: 5.66s, min: 143.4ms, avg: 2.79s, p95: 5.66s, max_proc_keys: 18238, p95_proc_keys: 18238, tot_proc: 23.9s, tot_wait: 652ms, rpc_num: 19, rpc_time: 55.7s, copr_cache_hit_ratio: 0.00}","Disk":0,"Memory":0,"Plans":[{"Node Id":"TableRangeScan","Plan Rows":1,"Actual Rows":50236,"Task":"cop[tikv]","Total Time":483000000,"Max Time":163000000,"Access Object":"","Operation Info":"table:part, range: decided by [new0107.lineitem.l_partkey], keep order:false","Execution Info":"tikv_task:{proc max:163ms, min:2ms, p80:130ms, p95:163ms, iters:90, tasks:10}, scan_detail: {total_process_keys: 50236, total_process_keys_size: 8211521, total_keys: 53360, rocksdb: {delete_skipped_count: 0, key_skipped_count: 6506, block: {cache_hit_count: 61139, read_count: 0, read_byte: 0 Bytes}}}","Disk":0,"Memory":0,"Plans":[]}]}]}]}]}]},
      "sql": "select  100.00 * sum(case   when p_type like 'PROMO%'    then l_extendedprice * (1 - l_discount)   else 0  end) / sum(l_extendedprice * (1 - l_discount)) as promo_revenue from  lineitem,  part where  l_partkey = p_partkey  and l_shipdate >= '1996-12-01'  and l_shipdate < date_add('1996-12-01', interval '1' month);"
    },
    {
      "plan": {"Node Id":"Projection","Plan Rows":1,"Actual Rows":1,"Task":"root","Total Time":3779380858,"Max Time":3779380858,"Access Object":"","Operation Info":"div(mul(100.00, Column#27), Column#28)-\u003eColumn#29","Execution Info":"time:3.78s, loops:2, Concurrency:OFF","Disk":0,"Memory":2856,"Plans":[{"Node Id":"HashAgg","Plan Rows":1,"Actual Rows":1,"Task":"root","Total Time":3779352349,"Max Time":3779352349,"Access Object":"","Operation Info":"funcs:sum(Column#31)-\u003eColumn#27, funcs:sum(Column#32)-\u003eColumn#28","Execution Info":"time:3.78s, loops:2, partial_worker:{wall_time:3.779315737s, concurrency:5, task_num:54, tot_wait:18.658705809s, tot_exec:198.982052ms, tot_time:18.857740977s, max:3.771561339s, p95:3.771561339s}, final_worker:{wall_time:3.779435596s, concurrency:5, task_num:5, tot_wait:18.857959256s, tot_exec:42.329µs, tot_time:18.858005838s, max:3.77162722s, p95:3.77162722s}","Disk":0,"Memory":972200,"Plans":[{"Node Id":"Projection","Plan Rows":51569.74907482635,"Actual Rows":51967,"Task":"root","Total Time":3770843066,"Max Time":3770843066,"Access Object":"","Operation Info":"case(like(new0107.part.p_type, PROMO%, 92), mul(new0107.lineitem.l_extendedprice, minus(1, new0107.lineitem.l_discount)), 0)-\u003eColumn#31, mul(new0107.lineitem.l_extendedprice, minus(1, new0107.lineitem.l_discount))-\u003eColumn#32","Execution Info":"time:3.77s, loops:55, Concurrency:5","Disk":0,"Memory":1059912,"Plans":[{"Node Id":"IndexHashJoin","Plan Rows":51569.74907482635,"Actual Rows":51967,"Task":"root","Total Time":3324349986,"Max Time":3324349986,"Access Object":"","Operation Info":"inner join, inner:TableReader_12, outer key:new0107.lineitem.l_partkey, inner key:new0107.part.p_partkey, equal cond:eq(new0107.lineitem.l_partkey, new0107.part.p_partkey)","Execution Info":"time:3.32s, loops:55, inner:{total:16s, concurrency:5, task:10, construct:747.4ms, fetch:11.1s, build:79.8ms, join:4.2s}","Disk":0,"Memory":13626832,"Plans":[{"Node Id":"TableReader","Plan Rows":50785.88888888899,"Actual Rows":51967,"Task":"root","Total Time":218181917,"Max Time":218181917,"Access Object":"","Operation Info":"data:Selection_23","Execution Info":"time:218.2ms, loops:56, cop_task: {num: 9, max: 211ms, min: 100.3ms, avg: 167.4ms, p95: 211ms, rpc_num: 9, rpc_time: 1.51s, copr_cache_hit_ratio: 1.00}","Disk":0,"Memory":3953090,"Plans":[{"Node Id":"Selection","Plan Rows":50785.88888888899,"Actual Rows":51967,"Task":"cop[tikv]","Total Time":4273000000,"Max Time":589000000,"Access Object":"","Operation Info":"ge(new0107.lineitem.l_shipdate, 1996-12-01 00:00:00.000000), lt(new0107.lineitem.l_shipdate, 1997-01-01 00:00:00.000000)","Execution Info":"tikv_task:{proc max:589ms, min:269ms, p80:517ms, p95:589ms, iters:3959, tasks:9}","Disk":0,"Memory":0,"Plans":[{"Node Id":"TableFullScan","Plan Rows":4009984,"Actual Rows":4009984,"Task":"cop[tikv]","Total Time":4063000000,"Max Time":562000000,"Access Object":"","Operation Info":"table:lineitem, keep order:false","Execution Info":"tikv_task:{proc max:562ms, min:255ms, p80:494ms, p95:562ms, iters:3959, tasks:9}","Disk":0,"Memory":0,"Plans":[]}]}]},{"Node Id":"TableReader","Plan Rows":1,"Actual Rows":50208,"Task":"root","Total Time":10661995693,"Max Time":2277620120,"Access Object":"","Operation Info":"data:TableRangeScan_11","Execution Info":"time:10.7s, loops:66, cop_task: {num: 10, max: 2.25s, min: 68.9ms, avg: 1s, p95: 2.25s, max_proc_keys: 18246, p95_proc_keys: 18246, tot_proc: 5.42s, tot_wait: 624ms, rpc_num: 19, rpc_time: 20s, copr_cache_hit_ratio: 0.00}","Disk":0,"Memory":0,"Plans":[{"Node Id":"TableRangeScan","Plan Rows":1,"Actual Rows":50208,"Task":"cop[tikv]","Total Time":446000000,"Max Time":151000000,"Access Object":"","Operation Info":"table:part, range: decided by [new0107.lineitem.l_partkey], keep order:false","Execution Info":"tikv_task:{proc max:151ms, min:1ms, p80:147ms, p95:151ms, iters:90, tasks:10}, scan_detail: {total_process_keys: 50208, total_process_keys_size: 8207456, total_keys: 53256, rocksdb: {delete_skipped_count: 0, key_skipped_count: 6355, block: {cache_hit_count: 60973, read_count: 0, read_byte: 0 Bytes}}}","Disk":0,"Memory":0,"Plans":[]}]}]}]}]}]},
      "sql": "select  100.00 * sum(case   when p_type like 'PROMO%'    then l_extendedprice * (1 - l_discount)   else 0  end) / sum(l_extendedprice * (1 - l_discount)) as promo_revenue from  lineitem,  part where  l_partkey = p_partkey  and l_shipdate >= '1996-12-01'  and l_shipdate < date_add('1996-12-01', interval '1' month);"
    },
    {
      "plan": {"Node Id":"Projection","Plan Rows":100,"Actual Rows":6,"Task":"root","Total Time":15237993118,"Max Time":15237993118,"Access Object":"","Operation Info":"new0107.customer.c_name, new0107.customer.c_custkey, new0107.orders.o_orderkey, new0107.orders.o_orderdate, new0107.orders.o_totalprice, Column#54","Execution Info":"time:15.2s, loops:2, Concurrency:OFF","Disk":0,"Memory":4600,"Plans":[{"Node Id":"TopN","Plan Rows":100,"Actual Rows":6,"Task":"root","Total Time":15237984807,"Max Time":15237984807,"Access Object":"","Operation Info":"new0107.orders.o_totalprice:desc, new0107.orders.o_orderdate, offset:0, count:100","Execution Info":"time:15.2s, loops:2","Disk":0,"Memory":9248,"Plans":[{"Node Id":"HashAgg","Plan Rows":807403.0718960115,"Actual Rows":6,"Task":"root","Total Time":15237903674,"Max Time":15237903674,"Access Object":"","Operation Info":"group by:new0107.customer.c_custkey, new0107.customer.c_name, new0107.orders.o_orderdate, new0107.orders.o_orderkey, new0107.orders.o_totalprice, funcs:sum(new0107.lineitem.l_quantity)-\u003eColumn#54, funcs:firstrow(new0107.customer.c_custkey)-\u003enew0107.customer.c_custkey, funcs:firstrow(new0107.customer.c_name)-\u003enew0107.customer.c_name, funcs:firstrow(new0107.orders.o_orderkey)-\u003enew0107.orders.o_orderkey, funcs:firstrow(new0107.orders.o_totalprice)-\u003enew0107.orders.o_totalprice, funcs:firstrow(new0107.orders.o_orderdate)-\u003enew0107.orders.o_orderdate","Execution Info":"time:15.2s, loops:4, partial_worker:{wall_time:15.229665444s, concurrency:5, task_num:2, tot_wait:1m15.781067242s, tot_exec:112.425µs, tot_time:1m15.781193625s, max:15.15624821s, p95:15.15624821s}, final_worker:{wall_time:0s, concurrency:5, task_num:4, tot_wait:1m15.93214358s, tot_exec:2.219625ms, tot_time:1m15.934369551s, max:15.187478609s, p95:15.187478609s}","Disk":0,"Memory":54302,"Plans":[{"Node Id":"HashJoin","Plan Rows":3273498.568184062,"Actual Rows":42,"Task":"root","Total Time":15163580902,"Max Time":15163580902,"Access Object":"","Operation Info":"inner join, equal:[eq(new0107.orders.o_orderkey, new0107.lineitem.l_orderkey)]","Execution Info":"time:15.2s, loops:3, build_hash_table:{total:14.5s, fetch:14.5s, build:47.1µs}, probe:{concurrency:5, total:1m15.6s, max:15.2s, probe:2.14s, fetch:1m13.5s}","Disk":0,"Memory":15860,"Plans":[{"Node Id":"HashJoin","Plan Rows":807403.0718960115,"Actual Rows":6,"Task":"root","Total Time":14494496207,"Max Time":14494496207,"Access Object":"","Operation Info":"inner join, equal:[eq(new0107.orders.o_orderkey, new0107.lineitem.l_orderkey)]","Execution Info":"time:14.5s, loops:6, build_hash_table:{total:11.1s, fetch:11.1s, build:13.1µs}, probe:{concurrency:5, total:1m12.5s, max:14.5s, probe:454.9ms, fetch:1m12s}","Disk":0,"Memory":49664,"Plans":[{"Node Id":"HashJoin","Plan Rows":1097817.7150192554,"Actual Rows":1001472,"Task":"root","Total Time":6804960353,"Max Time":6804960353,"Access Object":"","Operation Info":"inner join, equal:[eq(new0107.customer.c_custkey, new0107.orders.o_custkey)]","Execution Info":"time:6.8s, loops:980, build_hash_table:{total:3.38s, fetch:2.36s, build:1.02s}, probe:{concurrency:5, total:1m12.4s, max:14.5s, probe:55.1s, fetch:17.3s}","Disk":0,"Memory":5182368,"Plans":[{"Node Id":"TableReader","Plan Rows":150000,"Actual Rows":150000,"Task":"root","Total Time":2022357935,"Max Time":2022357935,"Access Object":"","Operation Info":"data:TableFullScan_88","Execution Info":"time:2.02s, loops:148, cop_task: {num: 1, max: 1.87s, proc_keys: 0, rpc_num: 1, rpc_time: 1.87s, copr_cache_hit_ratio: 1.00}","Disk":0,"Memory":5105005,"Plans":[{"Node Id":"TableFullScan","Plan Rows":150000,"Actual Rows":150000,"Task":"cop[tikv]","Total Time":169000000,"Max Time":169000000,"Access Object":"","Operation Info":"table:customer, keep order:false","Execution Info":"tikv_task:{time:169ms, loops:151}","Disk":0,"Memory":0,"Plans":[]}]},{"Node Id":"TableReader","Plan Rows":1094656,"Actual Rows":1001472,"Task":"root","Total Time":1898130182,"Max Time":1898130182,"Access Object":"","Operation Info":"data:TableFullScan_86","Execution Info":"time:1.9s, loops:980, cop_task: {num: 2, max: 2.42s, min: 1.9s, avg: 2.16s, p95: 2.42s, max_proc_keys: 583494, p95_proc_keys: 583494, tot_proc: 2.59s, tot_wait: 31ms, rpc_num: 2, rpc_time: 4.32s, copr_cache_hit_ratio: 0.00}","Disk":0,"Memory":64133924,"Plans":[{"Node Id":"TableFullScan","Plan Rows":1094656,"Actual Rows":1001472,"Task":"cop[tikv]","Total Time":1051000000,"Max Time":577000000,"Access Object":"","Operation Info":"table:orders, keep order:false","Execution Info":"tikv_task:{proc max:577ms, min:474ms, p80:577ms, p95:577ms, iters:987, tasks:2}, scan_detail: {total_process_keys: 1001472, total_process_keys_size: 151717700, total_keys: 1001474, rocksdb: {delete_skipped_count: 0, key_skipped_count: 1001472, block: {cache_hit_count: 2529, read_count: 0, read_byte: 0 Bytes}}}","Disk":0,"Memory":0,"Plans":[]}]}]},{"Node Id":"Selection","Plan Rows":791244.8,"Actual Rows":6,"Task":"root","Total Time":11069419735,"Max Time":11069419735,"Access Object":"","Operation Info":"gt(Column#52, 314)","Execution Info":"time:11.1s, loops:2","Disk":0,"Memory":50944,"Plans":[{"Node Id":"HashAgg","Plan Rows":989056,"Actual Rows":1002367,"Task":"root","Total Time":9805345957,"Max Time":9805345957,"Access Object":"","Operation Info":"group by:new0107.lineitem.l_orderkey, funcs:sum(Column#66)-\u003eColumn#52, funcs:firstrow(new0107.lineitem.l_orderkey)-\u003enew0107.lineitem.l_orderkey","Execution Info":"time:9.81s, loops:983, partial_worker:{wall_time:6.18238625s, concurrency:5, task_num:9, tot_wait:1.829368564s, tot_exec:23.867022488s, tot_time:26.601059258s, max:6.180909782s, p95:6.180909782s}, final_worker:{wall_time:11.069710256s, concurrency:5, task_num:25, tot_wait:22.722691623s, tot_exec:29.059180982s, tot_time:51.781902544s, max:11.013698823s, p95:11.013698823s}","Disk":0,"Memory":350268292,"Plans":[{"Node Id":"TableReader","Plan Rows":989056,"Actual Rows":1002374,"Task":"root","Total Time":2068958571,"Max Time":2068958571,"Access Object":"","Operation Info":"data:HashAgg_91","Execution Info":"time:2.07s, loops:10, cop_task: {num: 9, max: 1.89s, min: 25.5ms, avg: 821.4ms, p95: 1.89s, rpc_num: 9, rpc_time: 7.39s, copr_cache_hit_ratio: 1.00}","Disk":0,"Memory":11707110,"Plans":[{"Node Id":"HashAgg","Plan Rows":989056,"Actual Rows":1002374,"Task":"cop[tikv]","Total Time":5051000000,"Max Time":713000000,"Access Object":"","Operation Info":"group by:new0107.lineitem.l_orderkey, funcs:sum(new0107.lineitem.l_quantity)-\u003eColumn#66","Execution Info":"tikv_task:{proc max:713ms, min:301ms, p80:675ms, p95:713ms, iters:3923, tasks:9}","Disk":0,"Memory":0,"Plans":[{"Node Id":"TableFullScan","Plan Rows":4009984,"Actual Rows":4009984,"Task":"cop[tikv]","Total Time":3708000000,"Max Time":535000000,"Access Object":"","Operation Info":"table:lineitem, keep order:false","Execution Info":"tikv_task:{proc max:535ms, min:241ms, p80:502ms, p95:535ms, iters:3923, tasks:9}","Disk":0,"Memory":0,"Plans":[]}]}]}]}]}]},{"Node Id":"TableReader","Plan Rows":4009984,"Actual Rows":4009984,"Task":"root","Total Time":1285135961,"Max Time":1285135961,"Access Object":"","Operation Info":"data:TableFullScan_101","Execution Info":"time:1.29s, loops:3924, cop_task: {num: 9, max: 2.49s, min: 1.21s, avg: 1.76s, p95: 2.49s, max_proc_keys: 512775, p95_proc_keys: 512775, tot_proc: 7.54s, tot_wait: 68ms, rpc_num: 9, rpc_time: 15.9s, copr_cache_hit_ratio: 0.00}","Disk":0,"Memory":192576058,"Plans":[{"Node Id":"TableFullScan","Plan Rows":4009984,"Actual Rows":4009984,"Task":"cop[tikv]","Total Time":3724000000,"Max Time":490000000,"Access Object":"","Operation Info":"table:lineitem, keep order:false","Execution Info":"tikv_task:{proc max:490ms, min:217ms, p80:486ms, p95:490ms, iters:3959, tasks:9}, scan_detail: {total_process_keys: 4009984, total_process_keys_size: 787655655, total_keys: 4009993, rocksdb: {delete_skipped_count: 0, key_skipped_count: 4009984, block: {cache_hit_count: 12898, read_count: 0, read_byte: 0 Bytes}}}","Disk":0,"Memory":0,"Plans":[]}]}]}]}]}]},
      "sql": "select  c_name,  c_custkey,  o_orderkey,  o_orderdate,  o_totalprice,  sum(l_quantity) from  customer,  orders,  lineitem where  o_orderkey in (   select    l_orderkey   from    lineitem   group by    l_orderkey having     sum(l_quantity) > 314  )  and c_custkey = o_custkey  and o_orderkey = l_orderkey group by  c_name,  c_custkey,  o_orderkey,  o_orderdate,  o_totalprice order by  o_totalprice desc,  o_orderdate limit 100;"
    },
    {
      "plan": {"Node Id":"HashAgg","Plan Rows":1,"Actual Rows":1,"Task":"root","Total Time":942408727,"Max Time":942408727,"Access Object":"","Operation Info":"funcs:sum(Column#28)-\u003eColumn#27","Execution Info":"time:942.4ms, loops:2, partial_worker:{wall_time:940.841546ms, concurrency:5, task_num:5, tot_wait:4.641672034s, tot_exec:93.733µs, tot_time:4.64179786s, max:928.382714ms, p95:928.382714ms}, final_worker:{wall_time:942.45217ms, concurrency:5, task_num:5, tot_wait:4.704071912s, tot_exec:41.874µs, tot_time:4.704117898s, max:940.909465ms, p95:940.909465ms}","Disk":0,"Memory":20052,"Plans":[{"Node Id":"Projection","Plan Rows":2810.7054154138987,"Actual Rows":72,"Task":"root","Total Time":870951225,"Max Time":870951225,"Access Object":"","Operation Info":"mul(new0107.lineitem.l_extendedprice, minus(1, new0107.lineitem.l_discount))-\u003eColumn#28","Execution Info":"time:871ms, loops:6, Concurrency:5","Disk":0,"Memory":22968,"Plans":[{"Node Id":"HashJoin","Plan Rows":2810.7054154138987,"Actual Rows":72,"Task":"root","Total Time":870421433,"Max Time":870421433,"Access Object":"","Operation Info":"inner join, equal:[eq(new0107.part.p_partkey, new0107.lineitem.l_partkey)], other cond:or(and(and(eq(new0107.part.p_brand, \"Brand#52\"), in(new0107.part.p_container, \"SM CASE\", \"SM BOX\", \"SM PACK\", \"SM PKG\")), and(ge(new0107.lineitem.l_quantity, 4), and(le(new0107.lineitem.l_quantity, 14), le(new0107.part.p_size, 5)))), or(and(and(eq(new0107.part.p_brand, \"Brand#11\"), in(new0107.part.p_container, \"MED BAG\", \"MED BOX\", \"MED PKG\", \"MED PACK\")), and(ge(new0107.lineitem.l_quantity, 18), and(le(new0107.lineitem.l_quantity, 28), le(new0107.part.p_size, 10)))), and(and(eq(new0107.part.p_brand, \"Brand#51\"), in(new0107.part.p_container, \"LG CASE\", \"LG BOX\", \"LG PACK\", \"LG PKG\")), and(ge(new0107.lineitem.l_quantity, 29), and(le(new0107.lineitem.l_quantity, 39), le(new0107.part.p_size, 15))))))","Execution Info":"time:870.4ms, loops:6, build_hash_table:{total:287.6ms, fetch:287.4ms, build:139.6µs}, probe:{concurrency:5, total:3.94s, max:825.2ms, probe:17.2ms, fetch:3.92s}","Disk":0,"Memory":50112,"Plans":[{"Node Id":"TableReader","Plan Rows":138.05455049694,"Actual Rows":453,"Task":"root","Total Time":287275759,"Max Time":287275759,"Access Object":"","Operation Info":"data:Selection_30","Execution Info":"time:287.3ms, loops:2, cop_task: {num: 1, max: 302.9ms, proc_keys: 200000, tot_proc: 285ms, tot_wait: 1ms, rpc_num: 1, rpc_time: 302.9ms, copr_cache_hit_ratio: 0.00}","Disk":0,"Memory":30709,"Plans":[{"Node Id":"Selection","Plan Rows":138.05455049694,"Actual Rows":453,"Task":"cop[tikv]","Total Time":281000000,"Max Time":281000000,"Access Object":"","Operation Info":"ge(new0107.part.p_size, 1), or(and(eq(new0107.part.p_brand, \"Brand#52\"), and(in(new0107.part.p_container, \"SM CASE\", \"SM BOX\", \"SM PACK\", \"SM PKG\"), le(new0107.part.p_size, 5))), or(and(eq(new0107.part.p_brand, \"Brand#11\"), and(in(new0107.part.p_container, \"MED BAG\", \"MED BOX\", \"MED PKG\", \"MED PACK\"), le(new0107.part.p_size, 10))), and(eq(new0107.part.p_brand, \"Brand#51\"), and(in(new0107.part.p_container, \"LG CASE\", \"LG BOX\", \"LG PACK\", \"LG PKG\"), le(new0107.part.p_size, 15)))))","Execution Info":"tikv_task:{time:281ms, loops:200}, scan_detail: {total_process_keys: 200000, total_process_keys_size: 32687576, total_keys: 200001, rocksdb: {delete_skipped_count: 0, key_skipped_count: 200000, block: {cache_hit_count: 546, read_count: 0, read_byte: 0 Bytes}}}","Disk":0,"Memory":0,"Plans":[{"Node Id":"TableFullScan","Plan Rows":200000,"Actual Rows":200000,"Task":"cop[tikv]","Total Time":168000000,"Max Time":168000000,"Access Object":"","Operation Info":"table:part, keep order:false","Execution Info":"tikv_task:{time:168ms, loops:200}","Disk":0,"Memory":0,"Plans":[]}]}]},{"Node Id":"TableReader","Plan Rows":182075.37432781045,"Actual Rows":94250,"Task":"root","Total Time":365227683,"Max Time":365227683,"Access Object":"","Operation Info":"data:Selection_27","Execution Info":"time:365.2ms, loops:93, cop_task: {num: 9, max: 506.4ms, min: 37.9ms, avg: 196.1ms, p95: 506.4ms, rpc_num: 9, rpc_time: 1.77s, copr_cache_hit_ratio: 1.00}","Disk":0,"Memory":10308001,"Plans":[{"Node Id":"Selection","Plan Rows":182075.37432781045,"Actual Rows":94250,"Task":"cop[tikv]","Total Time":7506000000,"Max Time":1015000000,"Access Object":"","Operation Info":"eq(new0107.lineitem.l_shipinstruct, \"DELIVER IN PERSON\"), in(new0107.lineitem.l_shipmode, \"AIR\", \"AIR REG\"), or(and(ge(new0107.lineitem.l_quantity, 4), le(new0107.lineitem.l_quantity, 14)), or(and(ge(new0107.lineitem.l_quantity, 18), le(new0107.lineitem.l_quantity, 28)), and(ge(new0107.lineitem.l_quantity, 29), le(new0107.lineitem.l_quantity, 39))))","Execution Info":"tikv_task:{proc max:1.02s, min:507ms, p80:962ms, p95:1.02s, iters:3959, tasks:9}","Disk":0,"Memory":0,"Plans":[{"Node Id":"TableFullScan","Plan Rows":4009984,"Actual Rows":4009984,"Task":"cop[tikv]","Total Time":4827000000,"Max Time":676000000,"Access Object":"","Operation Info":"table:lineitem, keep order:false","Execution Info":"tikv_task:{proc max:676ms, min:347ms, p80:624ms, p95:676ms, iters:3959, tasks:9}","Disk":0,"Memory":0,"Plans":[]}]}]}]}]}]},
      "sql": "select  sum(l_extendedprice* (1 - l_discount)) as revenue from  lineitem,  part where  (   p_partkey = l_partkey   and p_brand = 'Brand#52'   and p_container in ('SM CASE', 'SM BOX', 'SM PACK', 'SM PKG')   and l_quantity >= 4 and l_quantity <= 4 + 10   and p_size between 1 and 5   and l_shipmode in ('AIR', 'AIR REG')   and l_shipinstruct = 'DELIVER IN PERSON'  )  or  (   p_partkey = l_partkey   and p_brand = 'Brand#11'   and p_container in ('MED BAG', 'MED BOX', 'MED PKG', 'MED PACK')   and l_quantity >= 18 and l_quantity <= 18 + 10   and p_size between 1 and 10   and l_shipmode in ('AIR', 'AIR REG')   and l_shipinstruct = 'DELIVER IN PERSON'  )  or  (   p_partkey = l_partkey   and p_brand = 'Brand#51'   and p_container in ('LG CASE', 'LG BOX', 'LG PACK', 'LG PKG')   and l_quantity >= 29 and l_quantity <= 29 + 10   and p_size between 1 and 15   and l_shipmode in ('AIR', 'AIR REG')   and l_shipinstruct = 'DELIVER IN PERSON'  );"
    },
    {
      "plan": {"Node Id":"Projection","Plan Rows":1,"Actual Rows":1,"Task":"root","Total Time":4127844779,"Max Time":4127844779,"Access Object":"","Operation Info":"div(Column#46, 7.0)-\u003eColumn#47","Execution Info":"time:4.13s, loops:2, Concurrency:OFF","Disk":0,"Memory":1428,"Plans":[{"Node Id":"HashAgg","Plan Rows":1,"Actual Rows":1,"Task":"root","Total Time":4127793343,"Max Time":4127793343,"Access Object":"","Operation Info":"funcs:sum(new0107.lineitem.l_extendedprice)-\u003eColumn#46","Execution Info":"time:4.13s, loops:2, partial_worker:{wall_time:4.127722325s, concurrency:5, task_num:5, tot_wait:20.626778022s, tot_exec:329.861µs, tot_time:20.627155828s, max:4.125853378s, p95:4.125853378s}, final_worker:{wall_time:0s, concurrency:5, task_num:5, tot_wait:20.637063982s, tot_exec:81.355µs, tot_time:20.637150057s, max:4.127481602s, p95:4.127481602s}","Disk":0,"Memory":36064,"Plans":[{"Node Id":"HashJoin","Plan Rows":1210.4745245946383,"Actual Rows":421,"Task":"root","Total Time":4041370741,"Max Time":4041370741,"Access Object":"","Operation Info":"inner join, equal:[eq(new0107.part.p_partkey, new0107.lineitem.l_partkey)], other cond:lt(new0107.lineitem.l_quantity, mul(0.2, Column#44))","Execution Info":"time:4.04s, loops:6, build_hash_table:{total:3.46s, fetch:3.46s, build:819µs}, probe:{concurrency:5, total:20.1s, max:4.02s, probe:104.1ms, fetch:20s}","Disk":0,"Memory":608496,"Plans":[{"Node Id":"HashJoin","Plan Rows":1210.4745245946383,"Actual Rows":4588,"Task":"root","Total Time":3457919292,"Max Time":3457919292,"Access Object":"","Operation Info":"inner join, equal:[eq(new0107.part.p_partkey, new0107.lineitem.l_partkey)]","Execution Info":"time:3.46s, loops:8, build_hash_table:{total:1.01s, fetch:1.01s, build:92.8µs}, probe:{concurrency:5, total:17.2s, max:3.44s, probe:1.98s, fetch:15.2s}","Disk":0,"Memory":41680,"Plans":[{"Node Id":"TableReader","Plan Rows":59.45536499999999,"Actual Rows":233,"Task":"root","Total Time":1011185386,"Max Time":1011185386,"Access Object":"","Operation Info":"data:Selection_39","Execution Info":"time:1.01s, loops:2, cop_task: {num: 1, max: 974.7ms, proc_keys: 0, rpc_num: 1, rpc_time: 974.6ms, copr_cache_hit_ratio: 1.00}","Disk":0,"Memory":16064,"Plans":[{"Node Id":"Selection","Plan Rows":59.45536499999999,"Actual Rows":233,"Task":"cop[tikv]","Total Time":230000000,"Max Time":230000000,"Access Object":"","Operation Info":"eq(new0107.part.p_brand, \"Brand#44\"), eq(new0107.part.p_container, \"WRAP PKG\")","Execution Info":"tikv_task:{time:230ms, loops:200}","Disk":0,"Memory":0,"Plans":[{"Node Id":"TableFullScan","Plan Rows":200000,"Actual Rows":200000,"Task":"cop[tikv]","Total Time":194000000,"Max Time":194000000,"Access Object":"","Operation Info":"table:part, keep order:false","Execution Info":"tikv_task:{time:194ms, loops:200}","Disk":0,"Memory":0,"Plans":[]}]}]},{"Node Id":"TableReader","Plan Rows":4009984,"Actual Rows":4009984,"Task":"root","Total Time":2574837294,"Max Time":2574837294,"Access Object":"","Operation Info":"data:TableFullScan_36","Execution Info":"time:2.57s, loops:3924, cop_task: {num: 9, max: 2.94s, min: 1.63s, avg: 2.46s, p95: 2.94s, max_proc_keys: 512775, p95_proc_keys: 512775, tot_proc: 8.01s, tot_wait: 205ms, rpc_num: 9, rpc_time: 22.1s, copr_cache_hit_ratio: 0.00}","Disk":0,"Memory":203773277,"Plans":[{"Node Id":"TableFullScan","Plan Rows":4009984,"Actual Rows":4009984,"Task":"cop[tikv]","Total Time":3829000000,"Max Time":539000000,"Access Object":"","Operation Info":"table:lineitem, keep order:false","Execution Info":"tikv_task:{proc max:539ms, min:228ms, p80:489ms, p95:539ms, iters:3959, tasks:9}, scan_detail: {total_process_keys: 4009984, total_process_keys_size: 787655655, total_keys: 4009993, rocksdb: {delete_skipped_count: 0, key_skipped_count: 4009984, block: {cache_hit_count: 12898, read_count: 0, read_byte: 0 Bytes}}}","Disk":0,"Memory":0,"Plans":[]}]}]},{"Node Id":"HashAgg","Plan Rows":196960,"Actual Rows":200000,"Task":"root","Total Time":3427740745,"Max Time":3427740745,"Access Object":"","Operation Info":"group by:new0107.lineitem.l_partkey, funcs:avg(Column#50, Column#51)-\u003eColumn#44, funcs:firstrow(new0107.lineitem.l_partkey)-\u003enew0107.lineitem.l_partkey","Execution Info":"time:3.43s, loops:200, partial_worker:{wall_time:2.758611447s, concurrency:5, task_num:9, tot_wait:1.780495484s, tot_exec:10.968513262s, tot_time:13.27955934s, max:2.743787509s, p95:2.743787509s}, final_worker:{wall_time:4.019153132s, concurrency:5, task_num:25, tot_wait:12.826875427s, tot_exec:6.104791503s, tot_time:18.931721388s, max:3.964861686s, p95:3.964861686s}","Disk":0,"Memory":242275356,"Plans":[{"Node Id":"TableReader","Plan Rows":196960,"Actual Rows":1590811,"Task":"root","Total Time":779068325,"Max Time":779068325,"Access Object":"","Operation Info":"data:HashAgg_41","Execution Info":"time:779.1ms, loops:10, cop_task: {num: 9, max: 510.1ms, min: 166.8ms, avg: 322.7ms, p95: 510.1ms, rpc_num: 9, rpc_time: 2.9s, copr_cache_hit_ratio: 1.00}","Disk":0,"Memory":30274772,"Plans":[{"Node Id":"HashAgg","Plan Rows":196960,"Actual Rows":1590811,"Task":"cop[tikv]","Total Time":8618000000,"Max Time":1120000000,"Access Object":"","Operation Info":"group by:new0107.lineitem.l_partkey, funcs:count(new0107.lineitem.l_quantity)-\u003eColumn#50, funcs:sum(new0107.lineitem.l_quantity)-\u003eColumn#51","Execution Info":"tikv_task:{proc max:1.12s, min:574ms, p80:1.09s, p95:1.12s, iters:3923, tasks:9}","Disk":0,"Memory":0,"Plans":[{"Node Id":"TableFullScan","Plan Rows":4009984,"Actual Rows":4009984,"Task":"cop[tikv]","Total Time":4380000000,"Max Time":570000000,"Access Object":"","Operation Info":"table:lineitem, keep order:false","Execution Info":"tikv_task:{proc max:570ms, min:362ms, p80:563ms, p95:570ms, iters:3923, tasks:9}","Disk":0,"Memory":0,"Plans":[]}]}]}]}]}]}]},
      "sql": "select  sum(l_extendedprice) / 7.0 as avg_yearly from  lineitem,  part where  p_partkey = l_partkey  and p_brand = 'Brand#44'  and p_container = 'WRAP PKG'  and l_quantity < (   select    0.2 * avg(l_quantity)   from    lineitem   where    l_partkey = p_partkey  );"
    },
    {
      "plan": {"Node Id":"Projection","Plan Rows":10,"Actual Rows":10,"Task":"root","Total Time":3963169076,"Max Time":3963169076,"Access Object":"","Operation Info":"new0107.lineitem.l_orderkey, Column#35, new0107.orders.o_orderdate, new0107.orders.o_shippriority","Execution Info":"time:3.96s, loops:2, Concurrency:OFF","Disk":0,"Memory":2544,"Plans":[{"Node Id":"TopN","Plan Rows":10,"Actual Rows":10,"Task":"root","Total Time":3963159238,"Max Time":3963159238,"Access Object":"","Operation Info":"Column#35:desc, new0107.orders.o_orderdate, offset:0, count:10","Execution Info":"time:3.96s, loops:2","Disk":0,"Memory":78560,"Plans":[{"Node Id":"HashAgg","Plan Rows":535774.7154925766,"Actual Rows":7662,"Task":"root","Total Time":3961684174,"Max Time":3961684174,"Access Object":"","Operation Info":"group by:Column#48, Column#49, Column#50, funcs:sum(Column#44)-\u003eColumn#35, funcs:firstrow(Column#45)-\u003enew0107.orders.o_orderdate, funcs:firstrow(Column#46)-\u003enew0107.orders.o_shippriority, funcs:firstrow(Column#47)-\u003enew0107.lineitem.l_orderkey","Execution Info":"time:3.96s, loops:11, partial_worker:{wall_time:3.956383771s, concurrency:5, task_num:21, tot_wait:19.482308392s, tot_exec:23.143386ms, tot_time:19.50665626s, max:3.902617624s, p95:3.902617624s}, final_worker:{wall_time:3.963277399s, concurrency:5, task_num:25, tot_wait:19.562087684s, tot_exec:33.636661ms, tot_time:19.595751343s, max:3.919494731s, p95:3.919494731s}","Disk":0,"Memory":3608856,"Plans":[{"Node Id":"Projection","Plan Rows":795926.0114565928,"Actual Rows":20167,"Task":"root","Total Time":3899002738,"Max Time":3899002738,"Access Object":"","Operation Info":"mul(new0107.lineitem.l_extendedprice, minus(1, new0107.lineitem.l_discount))-\u003eColumn#44, new0107.orders.o_orderdate, new0107.orders.o_shippriority, new0107.lineitem.l_orderkey, new0107.lineitem.l_orderkey, new0107.orders.o_orderdate, new0107.orders.o_shippriority","Execution Info":"time:3.9s, loops:22, Concurrency:5","Disk":0,"Memory":676236,"Plans":[{"Node Id":"IndexHashJoin","Plan Rows":795926.0114565928,"Actual Rows":20167,"Task":"root","Total Time":3898272566,"Max Time":3898272566,"Access Object":"","Operation Info":"inner join, inner:IndexLookUp_27, outer key:new0107.orders.o_orderkey, inner key:new0107.lineitem.l_orderkey, equal cond:eq(new0107.orders.o_orderkey, new0107.lineitem.l_orderkey)","Execution Info":"time:3.9s, loops:22, inner:{total:14s, concurrency:5, task:12, construct:446.7ms, fetch:13.1s, build:264ms, join:454.3ms}","Disk":0,"Memory":23045951,"Plans":[{"Node Id":"HashJoin","Plan Rows":196313.84992738423,"Actual Rows":96277,"Task":"root","Total Time":521161411,"Max Time":521161411,"Access Object":"","Operation Info":"inner join, equal:[eq(new0107.customer.c_custkey, new0107.orders.o_custkey)]","Execution Info":"time:521.2ms, loops:100, build_hash_table:{total:150.2ms, fetch:101.2ms, build:49ms}, probe:{concurrency:5, total:5.36s, max:1.07s, probe:4.37s, fetch:988.6ms}","Disk":0,"Memory":977192,"Plans":[{"Node Id":"TableReader","Plan Rows":21774,"Actual Rows":29752,"Task":"root","Total Time":100812139,"Max Time":100812139,"Access Object":"","Operation Info":"data:Selection_75","Execution Info":"time:100.8ms, loops:30, cop_task: {num: 1, max: 82.3ms, proc_keys: 0, rpc_num: 1, rpc_time: 82.3ms, copr_cache_hit_ratio: 1.00}","Disk":0,"Memory":778280,"Plans":[{"Node Id":"Selection","Plan Rows":21774,"Actual Rows":29752,"Task":"cop[tikv]","Total Time":164000000,"Max Time":164000000,"Access Object":"","Operation Info":"eq(new0107.customer.c_mktsegment, \"AUTOMOBILE\")","Execution Info":"tikv_task:{time:164ms, loops:151}","Disk":0,"Memory":0,"Plans":[{"Node Id":"TableFullScan","Plan Rows":150000,"Actual Rows":150000,"Task":"cop[tikv]","Total Time":138000000,"Max Time":138000000,"Access Object":"","Operation Info":"table:customer, keep order:false","Execution Info":"tikv_task:{time:138ms, loops:151}","Disk":0,"Memory":0,"Plans":[]}]}]},{"Node Id":"TableReader","Plan Rows":730104.3924398626,"Actual Rows":484673,"Task":"root","Total Time":90373592,"Max Time":90373592,"Access Object":"","Operation Info":"data:Selection_72","Execution Info":"time:90.4ms, loops:473, cop_task: {num: 2, max: 82.1ms, min: 76.4ms, avg: 79.2ms, p95: 82.1ms, rpc_num: 2, rpc_time: 158.5ms, copr_cache_hit_ratio: 1.00}","Disk":0,"Memory":15547598,"Plans":[{"Node Id":"Selection","Plan Rows":730104.3924398626,"Actual Rows":484673,"Task":"cop[tikv]","Total Time":937000000,"Max Time":541000000,"Access Object":"","Operation Info":"lt(new0107.orders.o_orderdate, 1995-03-13 00:00:00.000000)","Execution Info":"tikv_task:{proc max:541ms, min:396ms, p80:541ms, p95:541ms, iters:987, tasks:2}","Disk":0,"Memory":0,"Plans":[{"Node Id":"TableFullScan","Plan Rows":1094656,"Actual Rows":1001472,"Task":"cop[tikv]","Total Time":885000000,"Max Time":510000000,"Access Object":"","Operation Info":"table:orders, keep order:false","Execution Info":"tikv_task:{proc max:510ms, min:375ms, p80:510ms, p95:510ms, iters:987, tasks:2}","Disk":0,"Memory":0,"Plans":[]}]}]}]},{"Node Id":"IndexLookUp","Plan Rows":4.054354859583279,"Actual Rows":20167,"Task":"root","Total Time":12059284482,"Max Time":1892223317,"Access Object":"","Operation Info":"","Execution Info":"time:12.1s, loops:39, index_task: {total_time: 7s, fetch_handle: 7s, build: 129.1µs, wait: 155.4µs}, table_task: {total_time: 14.5s, num: 57, concurrency: 60}","Disk":0,"Memory":159360,"Plans":[{"Node Id":"IndexRangeScan","Plan Rows":7.484459202807528,"Actual Rows":384652,"Task":"cop[tikv]","Total Time":3536000000,"Max Time":793000000,"Access Object":"","Operation Info":"table:lineitem, index:PRIMARY(L_ORDERKEY, L_LINENUMBER), range: decided by [eq(new0107.lineitem.l_orderkey, new0107.orders.o_orderkey)], keep order:false","Execution Info":"time:6.82s, loops:413, cop_task: {num: 22, max: 896.9ms, min: 85.1ms, avg: 365.3ms, p95: 887.3ms, max_proc_keys: 85173, p95_proc_keys: 81034, tot_proc: 4.24s, tot_wait: 802ms, rpc_num: 43, rpc_time: 15.7s, copr_cache_hit_ratio: 0.00}, tikv_task:{proc max:793ms, min:9ms, p80:276ms, p95:587ms, iters:478, tasks:22}, scan_detail: {total_process_keys: 384652, total_process_keys_size: 20386556, total_keys: 480929, rocksdb: {delete_skipped_count: 0, key_skipped_count: 384652, block: {cache_hit_count: 385413, read_count: 0, read_byte: 0 Bytes}}}","Disk":0,"Memory":0,"Plans":[]},{"Node Id":"Selection","Plan Rows":4.054354859583279,"Actual Rows":20167,"Task":"cop[tikv]","Total Time":3289000000,"Max Time":171000000,"Access Object":"","Operation Info":"gt(new0107.lineitem.l_shipdate, 1995-03-13 00:00:00.000000)","Execution Info":"time:13.2s, loops:118, cop_task: {num: 78, max: 302.6ms, min: 17.9ms, avg: 140.6ms, p95: 296.4ms, max_proc_keys: 20480, p95_proc_keys: 16501, tot_proc: 3.5s, tot_wait: 353ms, rpc_num: 155, rpc_time: 21.9s, copr_cache_hit_ratio: 0.19}, tikv_task:{proc max:171ms, min:0s, p80:79ms, p95:141ms, iters:730, tasks:78}, scan_detail: {total_process_keys: 355275, total_process_keys_size: 69793299, total_keys: 425132, rocksdb: {delete_skipped_count: 0, key_skipped_count: 344840, block: {cache_hit_count: 271007, read_count: 0, read_byte: 0 Bytes}}}","Disk":0,"Memory":0,"Plans":[{"Node Id":"TableRowIDScan","Plan Rows":7.484459202807528,"Actual Rows":384652,"Task":"cop[tikv]","Total Time":3253000000,"Max Time":170000000,"Access Object":"","Operation Info":"table:lineitem, keep order:false","Execution Info":"tikv_task:{proc max:170ms, min:0s, p80:78ms, p95:141ms, iters:730, tasks:78}","Disk":0,"Memory":0,"Plans":[]}]}]}]}]}]}]}]},
      "sql": "select  l_orderkey,  sum(l_extendedprice * (1 - l_discount)) as revenue,  o_orderdate,  o_shippriority from  customer,  orders,  lineitem where  c_mktsegment = 'AUTOMOBILE'  and c_custkey = o_custkey  and l_orderkey = o_orderkey  and o_orderdate < '1995-03-13'  and l_shipdate > '1995-03-13' group by  l_orderkey,  o_orderdate,  o_shippriority order by  revenue desc,  o_orderdate limit 10;"
    }
  ]
}

export default data